#
# There is insufficient memory for the Java Runtime Environment to continue.
# Native memory allocation (malloc) failed to allocate 2097152 bytes for AllocateHeap
# Possible reasons:
#   The system is out of physical RAM or swap space
#   The process is running with CompressedOops enabled, and the Java Heap may be blocking the growth of the native heap
# Possible solutions:
#   Reduce memory load on the system
#   Increase physical memory or swap space
#   Check if swap backing store is full
#   Decrease Java heap size (-Xmx/-Xms)
#   Decrease number of Java threads
#   Decrease Java thread stack sizes (-Xss)
#   Set larger code cache with -XX:ReservedCodeCacheSize=
#   JVM is running with Unscaled Compressed Oops mode in which the Java heap is
#     placed in the first 4GB address space. The Java Heap base address is the
#     maximum limit for the native heap growth. Please use -XX:HeapBaseMinAddress
#     to set the Java Heap base and to place the Java Heap above 4GB virtual address.
# This output file may be truncated or incomplete.
#
#  Out of Memory Error (allocation.cpp:44), pid=20280, tid=19980
#
# JRE version: OpenJDK Runtime Environment Temurin-17.0.7+7 (17.0.7+7) (build 17.0.7+7)
# Java VM: OpenJDK 64-Bit Server VM Temurin-17.0.7+7 (17.0.7+7, mixed mode, emulated-client, tiered, compressed oops, compressed class ptrs, g1 gc, windows-amd64)
# No core dump will be written. Minidumps are not enabled by default on client versions of Windows
#

---------------  S U M M A R Y ------------

Command Line: -XX:+HeapDumpOnOutOfMemoryError -Xmx1024m -Dsts.lsp.client=vscode -Dsts.log.file=/dev/null -XX:TieredStopAtLevel=1 -Xlog:jni+resolve=off -Dspring.config.location=file:c:\Users\ozena\.vscode\extensions\vmware.vscode-spring-boot-1.46.0\language-server\BOOT-INF\classes\application.properties org.springframework.ide.vscode.boot.app.BootLanguageServerBootApp

Host: AMD Ryzen 5 5600H with Radeon Graphics         , 12 cores, 13G,  Windows 10 , 64 bit Build 19041 (10.0.19041.2913)
Time: Sun May 21 18:09:18 2023 Türkiye Standart Saati elapsed time: 96631.984619 seconds (1d 2h 50m 31s)

---------------  T H R E A D  ---------------

Current thread (0x000001b4c82d18e0):  VMThread "VM Thread" [stack: 0x0000009831100000,0x0000009831200000] [id=19980]

Stack: [0x0000009831100000,0x0000009831200000]
Native frames: (J=compiled Java code, j=interpreted, Vv=VM code, C=native code)
V  [jvm.dll+0x67754a]
V  [jvm.dll+0x834304]
V  [jvm.dll+0x835aae]
V  [jvm.dll+0x836113]
V  [jvm.dll+0x24696f]
V  [jvm.dll+0xa681f]
V  [jvm.dll+0x2f7481]
V  [jvm.dll+0x2f30f0]
V  [jvm.dll+0x2db6c7]
V  [jvm.dll+0x31e777]
V  [jvm.dll+0x83a5bb]
V  [jvm.dll+0x83b2f4]
V  [jvm.dll+0x83b80c]
V  [jvm.dll+0x83bbe4]
V  [jvm.dll+0x83bcb0]
V  [jvm.dll+0x7e4e7a]
V  [jvm.dll+0x676395]
C  [ucrtbase.dll+0x21bb2]
C  [KERNEL32.DLL+0x17614]
C  [ntdll.dll+0x526a1]

VM_Operation (0x0000009832dfeee0): G1CollectFull, mode: safepoint, requested by thread 0x000001b4cd778450


---------------  P R O C E S S  ---------------

Threads class SMR info:
_java_thread_list=0x000001b4ce7a8df0, length=32, elements={
0x000001b4c8324b50, 0x000001b4c8325ef0, 0x000001b4c8329510, 0x000001b4c8329fd0,
0x000001b4c832d140, 0x000001b4c836a7d0, 0x000001b4c836b830, 0x000001b4c836f8f0,
0x000001b4c856b850, 0x000001b4c856c970, 0x000001b4cdfd1cc0, 0x000001b4cdfd2890,
0x000001b4cd778450, 0x000001b4cd51b050, 0x000001b4bb0e10f0, 0x000001b4cd4ca810,
0x000001b4ce173020, 0x000001b4ce181870, 0x000001b4ce36ffe0, 0x000001b4ce3704b0,
0x000001b4ce370e50, 0x000001b4ce36e7d0, 0x000001b4ce36d490, 0x000001b4ce370980,
0x000001b4ce36caf0, 0x000001b4ce373000, 0x000001b4ce371320, 0x000001b4ce372190,
0x000001b4ce372660, 0x000001b4ce3734d0, 0x000001b4ce36bc80, 0x000001b4ce372b30
}

Java Threads: ( => current thread )
  0x000001b4c8324b50 JavaThread "Reference Handler" daemon [_thread_blocked, id=4664, stack(0x0000009831200000,0x0000009831300000)]
  0x000001b4c8325ef0 JavaThread "Finalizer" daemon [_thread_blocked, id=10800, stack(0x0000009831300000,0x0000009831400000)]
  0x000001b4c8329510 JavaThread "Signal Dispatcher" daemon [_thread_blocked, id=8264, stack(0x0000009831400000,0x0000009831500000)]
  0x000001b4c8329fd0 JavaThread "Attach Listener" daemon [_thread_blocked, id=13208, stack(0x0000009831500000,0x0000009831600000)]
  0x000001b4c832d140 JavaThread "Service Thread" daemon [_thread_blocked, id=19712, stack(0x0000009831600000,0x0000009831700000)]
  0x000001b4c836a7d0 JavaThread "Monitor Deflation Thread" daemon [_thread_blocked, id=7436, stack(0x0000009831700000,0x0000009831800000)]
  0x000001b4c836b830 JavaThread "C1 CompilerThread0" daemon [_thread_blocked, id=7236, stack(0x0000009831800000,0x0000009831900000)]
  0x000001b4c836f8f0 JavaThread "Sweeper thread" daemon [_thread_blocked, id=1912, stack(0x0000009831900000,0x0000009831a00000)]
  0x000001b4c856b850 JavaThread "Notification Thread" daemon [_thread_blocked, id=3424, stack(0x0000009831a00000,0x0000009831b00000)]
  0x000001b4c856c970 JavaThread "Common-Cleaner" daemon [_thread_blocked, id=12560, stack(0x0000009831c00000,0x0000009831d00000)]
  0x000001b4cdfd1cc0 JavaThread "boundedElastic-evictor-1" daemon [_thread_blocked, id=3508, stack(0x0000009832600000,0x0000009832700000)]
  0x000001b4cdfd2890 JavaThread "boundedElastic-evictor-2" daemon [_thread_blocked, id=19192, stack(0x0000009832c00000,0x0000009832d00000)]
  0x000001b4cd778450 JavaThread "pool-10-thread-1" [_thread_blocked, id=4636, stack(0x0000009832d00000,0x0000009832e00000)]
  0x000001b4cd51b050 JavaThread "LanguageServerApp-lifecycle" [_thread_blocked, id=14820, stack(0x0000009832e00000,0x0000009832f00000)]
  0x000001b4bb0e10f0 JavaThread "DestroyJavaVM" [_thread_blocked, id=10352, stack(0x0000009830b00000,0x0000009830c00000)]
  0x000001b4cd4ca810 JavaThread "pool-11-thread-1" [_thread_in_native, id=15656, stack(0x0000009832f00000,0x0000009833000000)]
  0x000001b4ce173020 JavaThread "Simple-Language-Server main thread" daemon [_thread_blocked, id=13152, stack(0x0000009833000000,0x0000009833100000)]
  0x000001b4ce181870 JavaThread "pool-6-thread-1" [_thread_blocked, id=1904, stack(0x0000009833400000,0x0000009833500000)]
  0x000001b4ce36ffe0 JavaThread "parallel-1" daemon [_thread_blocked, id=20240, stack(0x0000009834900000,0x0000009834a00000)]
  0x000001b4ce3704b0 JavaThread "pool-4-thread-1" [_thread_blocked, id=12524, stack(0x0000009835100000,0x0000009835200000)]
  0x000001b4ce370e50 JavaThread "parallel-2" daemon [_thread_blocked, id=13084, stack(0x0000009835200000,0x0000009835300000)]
  0x000001b4ce36e7d0 JavaThread "parallel-3" daemon [_thread_blocked, id=14228, stack(0x0000009833800000,0x0000009833900000)]
  0x000001b4ce36d490 JavaThread "parallel-4" daemon [_thread_blocked, id=19792, stack(0x0000009833900000,0x0000009833a00000)]
  0x000001b4ce370980 JavaThread "Reconciler-1" daemon [_thread_blocked, id=13632, stack(0x0000009833a00000,0x0000009833b00000)]
  0x000001b4ce36caf0 JavaThread "parallel-5" daemon [_thread_blocked, id=15220, stack(0x0000009830900000,0x0000009830a00000)]
  0x000001b4ce373000 JavaThread "parallel-6" daemon [_thread_blocked, id=11904, stack(0x0000009832800000,0x0000009832900000)]
  0x000001b4ce371320 JavaThread "parallel-7" daemon [_thread_blocked, id=16092, stack(0x0000009830a00000,0x0000009830b00000)]
  0x000001b4ce372190 JavaThread "parallel-8" daemon [_thread_blocked, id=7216, stack(0x0000009833200000,0x0000009833300000)]
  0x000001b4ce372660 JavaThread "parallel-9" daemon [_thread_blocked, id=10468, stack(0x0000009833500000,0x0000009833600000)]
  0x000001b4ce3734d0 JavaThread "parallel-10" daemon [_thread_blocked, id=540, stack(0x0000009833300000,0x0000009833400000)]
  0x000001b4ce36bc80 JavaThread "parallel-11" daemon [_thread_blocked, id=22184, stack(0x0000009833b00000,0x0000009833c00000)]
  0x000001b4ce372b30 JavaThread "parallel-12" daemon [_thread_blocked, id=20600, stack(0x0000009833c00000,0x0000009833d00000)]

Other Threads:
=>0x000001b4c82d18e0 VMThread "VM Thread" [stack: 0x0000009831100000,0x0000009831200000] [id=19980]
  0x000001b4c856bd20 WatcherThread [stack: 0x0000009831b00000,0x0000009831c00000] [id=11880]
  0x000001b4bb120b40 GCTaskThread "GC Thread#0" [stack: 0x0000009830c00000,0x0000009830d00000] [id=17276]
  0x000001b4cd81d0d0 GCTaskThread "GC Thread#1" [stack: 0x0000009831e00000,0x0000009831f00000] [id=9136]
  0x000001b4cd81d380 GCTaskThread "GC Thread#2" [stack: 0x0000009831f00000,0x0000009832000000] [id=16900]
  0x000001b4cd8490b0 GCTaskThread "GC Thread#3" [stack: 0x0000009832000000,0x0000009832100000] [id=6444]
  0x000001b4cd84a370 GCTaskThread "GC Thread#4" [stack: 0x0000009832100000,0x0000009832200000] [id=19308]
  0x000001b4cdab6350 GCTaskThread "GC Thread#5" [stack: 0x0000009832200000,0x0000009832300000] [id=13440]
  0x000001b4cdabb620 GCTaskThread "GC Thread#6" [stack: 0x0000009832300000,0x0000009832400000] [id=10976]
  0x000001b4cdabbce0 GCTaskThread "GC Thread#7" [stack: 0x0000009832400000,0x0000009832500000] [id=13896]
  0x000001b4cdabc3a0 GCTaskThread "GC Thread#8" [stack: 0x0000009832500000,0x0000009832600000] [id=14880]
  0x000001b4cdc2ac60 GCTaskThread "GC Thread#9" [stack: 0x0000009832900000,0x0000009832a00000] [id=2556]
  0x000001b4bb129830 ConcurrentGCThread "G1 Main Marker" [stack: 0x0000009830d00000,0x0000009830e00000] [id=17628]
  0x000001b4bb12a790 ConcurrentGCThread "G1 Conc#0" [stack: 0x0000009830e00000,0x0000009830f00000] [id=104]
  0x000001b4cdcb1ce0 ConcurrentGCThread "G1 Conc#1" [stack: 0x0000009832a00000,0x0000009832b00000] [id=18928]
  0x000001b4cdcb1f90 ConcurrentGCThread "G1 Conc#2" [stack: 0x0000009832b00000,0x0000009832c00000] [id=18240]
  0x000001b4bb1ae8e0 ConcurrentGCThread "G1 Refine#0" [stack: 0x0000009830f00000,0x0000009831000000] [id=18720]
  0x000001b4ce414710 ConcurrentGCThread "G1 Refine#1" [stack: 0x0000009834e00000,0x0000009834f00000] [id=1856]
  0x000001b4cd665b20 ConcurrentGCThread "G1 Refine#2" [stack: 0x0000009834f00000,0x0000009835000000] [id=19108]
  0x000001b4ce48eeb0 ConcurrentGCThread "G1 Refine#3" [stack: 0x0000009835000000,0x0000009835100000] [id=19292]
  0x000001b4cedbaa10 ConcurrentGCThread "G1 Refine#4" [stack: 0x0000009835300000,0x0000009835400000] [id=17488]
  0x000001b4cedbacf0 ConcurrentGCThread "G1 Refine#5" [stack: 0x0000009835600000,0x0000009835700000] [id=12588]
  0x000001b4cedbb2b0 ConcurrentGCThread "G1 Refine#6" [stack: 0x0000009835900000,0x0000009835a00000] [id=18200]
  0x000001b4cedba170 ConcurrentGCThread "G1 Refine#7" [stack: 0x0000009833600000,0x0000009833700000] [id=14352]
  0x000001b4cedba450 ConcurrentGCThread "G1 Refine#8" [stack: 0x0000009833700000,0x0000009833800000] [id=12388]
  0x000001b4c817e230 ConcurrentGCThread "G1 Service" [stack: 0x0000009831000000,0x0000009831100000] [id=18232]

Threads with active compile tasks:

VM state: at safepoint (normal execution)

VM Mutex/Monitor currently owned by a thread:  ([mutex/lock_event])
[0x000001b4baf07da0] Threads_lock - owner thread: 0x000001b4c82d18e0
[0x000001b4bb0dd0e0] Heap_lock - owner thread: 0x000001b4cd778450

Heap address: 0x00000000c0000000, size: 1024 MB, Compressed Oops mode: 32-bit

CDS archive(s) not mapped
Compressed class space mapped at: 0x0000000100000000-0x0000000140000000, reserved size: 1073741824
Narrow klass base: 0x0000000000000000, Narrow klass shift: 3, Narrow klass range: 0x140000000

GC Precious Log:
 CPUs: 12 total, 12 available
 Memory: 14188M
 Large Page Support: Disabled
 NUMA Support: Disabled
 Compressed Oops: Enabled (32-bit)
 Heap Region Size: 1M
 Heap Min Capacity: 8M
 Heap Initial Capacity: 222M
 Heap Max Capacity: 1G
 Pre-touch: Disabled
 Parallel Workers: 10
 Concurrent Workers: 3
 Concurrent Refinement Workers: 10
 Periodic GC: Disabled

Heap:
 garbage-first heap   total 270336K, used 96131K [0x00000000c0000000, 0x0000000100000000)
  region size 1024K, 1 young (1024K), 0 survivors (0K)
 Metaspace       used 73629K, committed 74176K, reserved 1114112K
  class space    used 10132K, committed 10368K, reserved 1048576K

Heap Regions: E=young(eden), S=young(survivor), O=old, HS=humongous(starts), HC=humongous(continues), CS=collection set, F=free, OA=open archive, CA=closed archive, TAMS=top-at-mark-start (previous, next)
|   0|0x00000000c0000000, 0x00000000c0100000, 0x00000000c0100000|100%| O|  |TAMS 0x00000000c0100000, 0x00000000c0000000| Untracked 
|   1|0x00000000c0100000, 0x00000000c0200000, 0x00000000c0200000|100%| O|  |TAMS 0x00000000c0200000, 0x00000000c0100000| Untracked 
|   2|0x00000000c0200000, 0x00000000c02fff48, 0x00000000c0300000| 99%| O|  |TAMS 0x00000000c02fff48, 0x00000000c0200000| Untracked 
|   3|0x00000000c0300000, 0x00000000c0400000, 0x00000000c0400000|100%| O|  |TAMS 0x00000000c0400000, 0x00000000c0300000| Untracked 
|   4|0x00000000c0400000, 0x00000000c0500000, 0x00000000c0500000|100%| O|  |TAMS 0x00000000c0500000, 0x00000000c0400000| Untracked 
|   5|0x00000000c0500000, 0x00000000c05fffd0, 0x00000000c0600000| 99%| O|  |TAMS 0x00000000c05fffd0, 0x00000000c0500000| Untracked 
|   6|0x00000000c0600000, 0x00000000c0700000, 0x00000000c0700000|100%| O|  |TAMS 0x00000000c0700000, 0x00000000c0600000| Untracked 
|   7|0x00000000c0700000, 0x00000000c07ffff0, 0x00000000c0800000| 99%| O|  |TAMS 0x00000000c07ffff0, 0x00000000c0700000| Untracked 
|   8|0x00000000c0800000, 0x00000000c0900000, 0x00000000c0900000|100%| O|  |TAMS 0x00000000c0900000, 0x00000000c0800000| Untracked 
|   9|0x00000000c0900000, 0x00000000c0a00000, 0x00000000c0a00000|100%| O|  |TAMS 0x00000000c0a00000, 0x00000000c0900000| Untracked 
|  10|0x00000000c0a00000, 0x00000000c0afffe0, 0x00000000c0b00000| 99%| O|  |TAMS 0x00000000c0afffe0, 0x00000000c0a00000| Untracked 
|  11|0x00000000c0b00000, 0x00000000c0bfffd0, 0x00000000c0c00000| 99%| O|  |TAMS 0x00000000c0bfffd0, 0x00000000c0b00000| Untracked 
|  12|0x00000000c0c00000, 0x00000000c0cffff8, 0x00000000c0d00000| 99%| O|  |TAMS 0x00000000c0cffff8, 0x00000000c0c00000| Untracked 
|  13|0x00000000c0d00000, 0x00000000c0dfffd8, 0x00000000c0e00000| 99%| O|  |TAMS 0x00000000c0dfffd8, 0x00000000c0d00000| Untracked 
|  14|0x00000000c0e00000, 0x00000000c0efffe8, 0x00000000c0f00000| 99%| O|  |TAMS 0x00000000c0efffe8, 0x00000000c0e00000| Untracked 
|  15|0x00000000c0f00000, 0x00000000c0fffe10, 0x00000000c1000000| 99%| O|  |TAMS 0x00000000c0fffe10, 0x00000000c0f00000| Untracked 
|  16|0x00000000c1000000, 0x00000000c10ffc48, 0x00000000c1100000| 99%| O|  |TAMS 0x00000000c10ffc48, 0x00000000c1000000| Untracked 
|  17|0x00000000c1100000, 0x00000000c11fffc8, 0x00000000c1200000| 99%| O|  |TAMS 0x00000000c11fffc8, 0x00000000c1100000| Untracked 
|  18|0x00000000c1200000, 0x00000000c12fffe8, 0x00000000c1300000| 99%| O|  |TAMS 0x00000000c12fffe8, 0x00000000c1200000| Untracked 
|  19|0x00000000c1300000, 0x00000000c13fffe0, 0x00000000c1400000| 99%| O|  |TAMS 0x00000000c13fffe0, 0x00000000c1300000| Untracked 
|  20|0x00000000c1400000, 0x00000000c14ffda8, 0x00000000c1500000| 99%| O|  |TAMS 0x00000000c14ffda8, 0x00000000c1400000| Untracked 
|  21|0x00000000c1500000, 0x00000000c15ffff8, 0x00000000c1600000| 99%| O|  |TAMS 0x00000000c15ffff8, 0x00000000c1500000| Untracked 
|  22|0x00000000c1600000, 0x00000000c16fffe0, 0x00000000c1700000| 99%| O|  |TAMS 0x00000000c16fffe0, 0x00000000c1600000| Untracked 
|  23|0x00000000c1700000, 0x00000000c17fffe8, 0x00000000c1800000| 99%| O|  |TAMS 0x00000000c17fffe8, 0x00000000c1700000| Untracked 
|  24|0x00000000c1800000, 0x00000000c18ffeb8, 0x00000000c1900000| 99%| O|  |TAMS 0x00000000c18ffeb8, 0x00000000c1800000| Untracked 
|  25|0x00000000c1900000, 0x00000000c19fffe0, 0x00000000c1a00000| 99%| O|  |TAMS 0x00000000c19fffe0, 0x00000000c1900000| Untracked 
|  26|0x00000000c1a00000, 0x00000000c1afffe8, 0x00000000c1b00000| 99%| O|  |TAMS 0x00000000c1afffe8, 0x00000000c1a00000| Untracked 
|  27|0x00000000c1b00000, 0x00000000c1bfffd8, 0x00000000c1c00000| 99%| O|  |TAMS 0x00000000c1bfffd8, 0x00000000c1b00000| Untracked 
|  28|0x00000000c1c00000, 0x00000000c1cfffc0, 0x00000000c1d00000| 99%| O|  |TAMS 0x00000000c1cfffc0, 0x00000000c1c00000| Untracked 
|  29|0x00000000c1d00000, 0x00000000c1dfffe8, 0x00000000c1e00000| 99%| O|  |TAMS 0x00000000c1dfffe8, 0x00000000c1d00000| Untracked 
|  30|0x00000000c1e00000, 0x00000000c1f00000, 0x00000000c1f00000|100%| O|  |TAMS 0x00000000c1f00000, 0x00000000c1e00000| Untracked 
|  31|0x00000000c1f00000, 0x00000000c2000000, 0x00000000c2000000|100%| O|  |TAMS 0x00000000c2000000, 0x00000000c1f00000| Untracked 
|  32|0x00000000c2000000, 0x00000000c2100000, 0x00000000c2100000|100%| O|  |TAMS 0x00000000c2100000, 0x00000000c2000000| Untracked 
|  33|0x00000000c2100000, 0x00000000c21f39c8, 0x00000000c2200000| 95%| O|  |TAMS 0x00000000c21f39c8, 0x00000000c2100000| Untracked 
|  34|0x00000000c2200000, 0x00000000c22fffe8, 0x00000000c2300000| 99%| O|  |TAMS 0x00000000c22fffe8, 0x00000000c2200000| Untracked 
|  35|0x00000000c2300000, 0x00000000c23ffff8, 0x00000000c2400000| 99%| O|  |TAMS 0x00000000c23ffff8, 0x00000000c2300000| Untracked 
|  36|0x00000000c2400000, 0x00000000c24fffe8, 0x00000000c2500000| 99%| O|  |TAMS 0x00000000c24fffe8, 0x00000000c2400000| Untracked 
|  37|0x00000000c2500000, 0x00000000c25fecd0, 0x00000000c2600000| 99%| O|  |TAMS 0x00000000c25fecd0, 0x00000000c2500000| Untracked 
|  38|0x00000000c2600000, 0x00000000c26ffff8, 0x00000000c2700000| 99%| O|  |TAMS 0x00000000c26ffff8, 0x00000000c2600000| Untracked 
|  39|0x00000000c2700000, 0x00000000c27ffff0, 0x00000000c2800000| 99%| O|  |TAMS 0x00000000c27ffff0, 0x00000000c2700000| Untracked 
|  40|0x00000000c2800000, 0x00000000c28fff98, 0x00000000c2900000| 99%| O|  |TAMS 0x00000000c28fff98, 0x00000000c2800000| Untracked 
|  41|0x00000000c2900000, 0x00000000c2a00000, 0x00000000c2a00000|100%| O|  |TAMS 0x00000000c2a00000, 0x00000000c2900000| Untracked 
|  42|0x00000000c2a00000, 0x00000000c2affff0, 0x00000000c2b00000| 99%| O|  |TAMS 0x00000000c2affff0, 0x00000000c2a00000| Untracked 
|  43|0x00000000c2b00000, 0x00000000c2bfffd0, 0x00000000c2c00000| 99%| O|  |TAMS 0x00000000c2bfffd0, 0x00000000c2b00000| Untracked 
|  44|0x00000000c2c00000, 0x00000000c2cffff0, 0x00000000c2d00000| 99%| O|  |TAMS 0x00000000c2cffff0, 0x00000000c2c00000| Untracked 
|  45|0x00000000c2d00000, 0x00000000c2e00000, 0x00000000c2e00000|100%| O|  |TAMS 0x00000000c2e00000, 0x00000000c2d00000| Untracked 
|  46|0x00000000c2e00000, 0x00000000c2f00000, 0x00000000c2f00000|100%| O|  |TAMS 0x00000000c2f00000, 0x00000000c2e00000| Untracked 
|  47|0x00000000c2f00000, 0x00000000c2fffff8, 0x00000000c3000000| 99%| O|  |TAMS 0x00000000c2fffff8, 0x00000000c2f00000| Untracked 
|  48|0x00000000c3000000, 0x00000000c30ffff0, 0x00000000c3100000| 99%| O|  |TAMS 0x00000000c30ffff0, 0x00000000c3000000| Untracked 
|  49|0x00000000c3100000, 0x00000000c31fffd8, 0x00000000c3200000| 99%| O|  |TAMS 0x00000000c31fffd8, 0x00000000c3100000| Untracked 
|  50|0x00000000c3200000, 0x00000000c32ff158, 0x00000000c3300000| 99%| O|  |TAMS 0x00000000c32ff158, 0x00000000c3200000| Untracked 
|  51|0x00000000c3300000, 0x00000000c33ff818, 0x00000000c3400000| 99%| O|  |TAMS 0x00000000c33ff818, 0x00000000c3300000| Untracked 
|  52|0x00000000c3400000, 0x00000000c34fffd0, 0x00000000c3500000| 99%| O|  |TAMS 0x00000000c34fffd0, 0x00000000c3400000| Untracked 
|  53|0x00000000c3500000, 0x00000000c35fffe8, 0x00000000c3600000| 99%| O|  |TAMS 0x00000000c35fffe8, 0x00000000c3500000| Untracked 
|  54|0x00000000c3600000, 0x00000000c36fffe8, 0x00000000c3700000| 99%| O|  |TAMS 0x00000000c36fffe8, 0x00000000c3600000| Untracked 
|  55|0x00000000c3700000, 0x00000000c3800000, 0x00000000c3800000|100%| O|  |TAMS 0x00000000c3800000, 0x00000000c3700000| Untracked 
|  56|0x00000000c3800000, 0x00000000c38fff98, 0x00000000c3900000| 99%| O|  |TAMS 0x00000000c38fff98, 0x00000000c3800000| Untracked 
|  57|0x00000000c3900000, 0x00000000c3a00000, 0x00000000c3a00000|100%| O|  |TAMS 0x00000000c3a00000, 0x00000000c3900000| Untracked 
|  58|0x00000000c3a00000, 0x00000000c3afffd0, 0x00000000c3b00000| 99%| O|  |TAMS 0x00000000c3afffd0, 0x00000000c3a00000| Untracked 
|  59|0x00000000c3b00000, 0x00000000c3bffff0, 0x00000000c3c00000| 99%| O|  |TAMS 0x00000000c3bffff0, 0x00000000c3b00000| Untracked 
|  60|0x00000000c3c00000, 0x00000000c3d00000, 0x00000000c3d00000|100%| O|  |TAMS 0x00000000c3d00000, 0x00000000c3c00000| Untracked 
|  61|0x00000000c3d00000, 0x00000000c3dfff20, 0x00000000c3e00000| 99%| O|  |TAMS 0x00000000c3dfff20, 0x00000000c3d00000| Untracked 
|  62|0x00000000c3e00000, 0x00000000c3efffe0, 0x00000000c3f00000| 99%| O|  |TAMS 0x00000000c3efffe0, 0x00000000c3e00000| Untracked 
|  63|0x00000000c3f00000, 0x00000000c3ffffe8, 0x00000000c4000000| 99%| O|  |TAMS 0x00000000c3ffffe8, 0x00000000c3f00000| Untracked 
|  64|0x00000000c4000000, 0x00000000c40ffff8, 0x00000000c4100000| 99%| O|  |TAMS 0x00000000c40ffff8, 0x00000000c4000000| Untracked 
|  65|0x00000000c4100000, 0x00000000c41fffe0, 0x00000000c4200000| 99%| O|  |TAMS 0x00000000c41fffe0, 0x00000000c4100000| Untracked 
|  66|0x00000000c4200000, 0x00000000c42fffe8, 0x00000000c4300000| 99%| O|  |TAMS 0x00000000c42fffe8, 0x00000000c4200000| Untracked 
|  67|0x00000000c4300000, 0x00000000c43ffff0, 0x00000000c4400000| 99%| O|  |TAMS 0x00000000c43ffff0, 0x00000000c4300000| Untracked 
|  68|0x00000000c4400000, 0x00000000c44ffff0, 0x00000000c4500000| 99%| O|  |TAMS 0x00000000c44ffff0, 0x00000000c4400000| Untracked 
|  69|0x00000000c4500000, 0x00000000c4600000, 0x00000000c4600000|100%| O|  |TAMS 0x00000000c4600000, 0x00000000c4500000| Untracked 
|  70|0x00000000c4600000, 0x00000000c4700000, 0x00000000c4700000|100%|HS|  |TAMS 0x00000000c4700000, 0x00000000c4600000| Untracked 
|  71|0x00000000c4700000, 0x00000000c4800000, 0x00000000c4800000|100%|HC|  |TAMS 0x00000000c4800000, 0x00000000c4700000| Untracked 
|  72|0x00000000c4800000, 0x00000000c48ffff8, 0x00000000c4900000| 99%| O|  |TAMS 0x00000000c48ffff8, 0x00000000c4800000| Untracked 
|  73|0x00000000c4900000, 0x00000000c4a00000, 0x00000000c4a00000|100%| O|  |TAMS 0x00000000c4a00000, 0x00000000c4900000| Untracked 
|  74|0x00000000c4a00000, 0x00000000c4afffe0, 0x00000000c4b00000| 99%| O|  |TAMS 0x00000000c4afffe0, 0x00000000c4a00000| Untracked 
|  75|0x00000000c4b00000, 0x00000000c4bffff8, 0x00000000c4c00000| 99%| O|  |TAMS 0x00000000c4bffff8, 0x00000000c4b00000| Untracked 
|  76|0x00000000c4c00000, 0x00000000c4d00000, 0x00000000c4d00000|100%| O|  |TAMS 0x00000000c4d00000, 0x00000000c4c00000| Untracked 
|  77|0x00000000c4d00000, 0x00000000c4e00000, 0x00000000c4e00000|100%| O|  |TAMS 0x00000000c4e00000, 0x00000000c4d00000| Untracked 
|  78|0x00000000c4e00000, 0x00000000c4efffe0, 0x00000000c4f00000| 99%| O|  |TAMS 0x00000000c4efffe0, 0x00000000c4e00000| Untracked 
|  79|0x00000000c4f00000, 0x00000000c4fffff8, 0x00000000c5000000| 99%| O|  |TAMS 0x00000000c4fffff8, 0x00000000c4f00000| Untracked 
|  80|0x00000000c5000000, 0x00000000c50fffc0, 0x00000000c5100000| 99%| O|  |TAMS 0x00000000c50fffc0, 0x00000000c5000000| Untracked 
|  81|0x00000000c5100000, 0x00000000c51fffe0, 0x00000000c5200000| 99%| O|  |TAMS 0x00000000c51fffe0, 0x00000000c5100000| Untracked 
|  82|0x00000000c5200000, 0x00000000c52ffff0, 0x00000000c5300000| 99%| O|  |TAMS 0x00000000c52ffff0, 0x00000000c5200000| Untracked 
|  83|0x00000000c5300000, 0x00000000c53ffff8, 0x00000000c5400000| 99%| O|  |TAMS 0x00000000c53ffff8, 0x00000000c5300000| Untracked 
|  84|0x00000000c5400000, 0x00000000c5500000, 0x00000000c5500000|100%| O|  |TAMS 0x00000000c5500000, 0x00000000c5400000| Untracked 
|  85|0x00000000c5500000, 0x00000000c55ffff8, 0x00000000c5600000| 99%| O|  |TAMS 0x00000000c55ffff8, 0x00000000c5500000| Untracked 
|  86|0x00000000c5600000, 0x00000000c56ffff8, 0x00000000c5700000| 99%| O|  |TAMS 0x00000000c56ffff8, 0x00000000c5600000| Untracked 
|  87|0x00000000c5700000, 0x00000000c57a04e0, 0x00000000c5800000| 62%| O|  |TAMS 0x00000000c5700000, 0x00000000c5700000| Untracked 
|  88|0x00000000c5800000, 0x00000000c58a1a90, 0x00000000c5900000| 63%| O|  |TAMS 0x00000000c5800000, 0x00000000c5800000| Untracked 
|  89|0x00000000c5900000, 0x00000000c59aed60, 0x00000000c5a00000| 68%| O|  |TAMS 0x00000000c5900000, 0x00000000c5900000| Untracked 
|  90|0x00000000c5a00000, 0x00000000c5a00088, 0x00000000c5b00000|  0%| O|  |TAMS 0x00000000c5a00000, 0x00000000c5a00000| Untracked 
|  91|0x00000000c5b00000, 0x00000000c5b00000, 0x00000000c5c00000|  0%| F|  |TAMS 0x00000000c5b00000, 0x00000000c5b00000| Untracked 
|  92|0x00000000c5c00000, 0x00000000c5c00000, 0x00000000c5d00000|  0%| F|  |TAMS 0x00000000c5c00000, 0x00000000c5c00000| Untracked 
|  93|0x00000000c5d00000, 0x00000000c5d00000, 0x00000000c5e00000|  0%| F|  |TAMS 0x00000000c5d00000, 0x00000000c5d00000| Untracked 
|  94|0x00000000c5e00000, 0x00000000c5e00000, 0x00000000c5f00000|  0%| F|  |TAMS 0x00000000c5e00000, 0x00000000c5e00000| Untracked 
|  95|0x00000000c5f00000, 0x00000000c5f00000, 0x00000000c6000000|  0%| F|  |TAMS 0x00000000c5f00000, 0x00000000c5f00000| Untracked 
|  96|0x00000000c6000000, 0x00000000c6000000, 0x00000000c6100000|  0%| F|  |TAMS 0x00000000c6000000, 0x00000000c6000000| Untracked 
|  97|0x00000000c6100000, 0x00000000c6100000, 0x00000000c6200000|  0%| F|  |TAMS 0x00000000c6100000, 0x00000000c6100000| Untracked 
|  98|0x00000000c6200000, 0x00000000c6200000, 0x00000000c6300000|  0%| F|  |TAMS 0x00000000c6200000, 0x00000000c6200000| Untracked 
|  99|0x00000000c6300000, 0x00000000c6300000, 0x00000000c6400000|  0%| F|  |TAMS 0x00000000c6300000, 0x00000000c6300000| Untracked 
| 100|0x00000000c6400000, 0x00000000c6400000, 0x00000000c6500000|  0%| F|  |TAMS 0x00000000c6400000, 0x00000000c6400000| Untracked 
| 101|0x00000000c6500000, 0x00000000c6500000, 0x00000000c6600000|  0%| F|  |TAMS 0x00000000c6500000, 0x00000000c6500000| Untracked 
| 102|0x00000000c6600000, 0x00000000c6600000, 0x00000000c6700000|  0%| F|  |TAMS 0x00000000c6600000, 0x00000000c6600000| Untracked 
| 103|0x00000000c6700000, 0x00000000c6700000, 0x00000000c6800000|  0%| F|  |TAMS 0x00000000c6700000, 0x00000000c6700000| Untracked 
| 104|0x00000000c6800000, 0x00000000c6800000, 0x00000000c6900000|  0%| F|  |TAMS 0x00000000c6800000, 0x00000000c6800000| Untracked 
| 105|0x00000000c6900000, 0x00000000c6900000, 0x00000000c6a00000|  0%| F|  |TAMS 0x00000000c6900000, 0x00000000c6900000| Untracked 
| 106|0x00000000c6a00000, 0x00000000c6a00000, 0x00000000c6b00000|  0%| F|  |TAMS 0x00000000c6a00000, 0x00000000c6a00000| Untracked 
| 107|0x00000000c6b00000, 0x00000000c6b00000, 0x00000000c6c00000|  0%| F|  |TAMS 0x00000000c6b00000, 0x00000000c6b00000| Untracked 
| 108|0x00000000c6c00000, 0x00000000c6c00000, 0x00000000c6d00000|  0%| F|  |TAMS 0x00000000c6c00000, 0x00000000c6c00000| Untracked 
| 109|0x00000000c6d00000, 0x00000000c6dfffe8, 0x00000000c6e00000| 99%| O|  |TAMS 0x00000000c6dfffe8, 0x00000000c6d00000| Untracked 
| 110|0x00000000c6e00000, 0x00000000c6e00000, 0x00000000c6f00000|  0%| F|  |TAMS 0x00000000c6e00000, 0x00000000c6e00000| Untracked 
| 111|0x00000000c6f00000, 0x00000000c6f00000, 0x00000000c7000000|  0%| F|  |TAMS 0x00000000c6f00000, 0x00000000c6f00000| Untracked 
| 112|0x00000000c7000000, 0x00000000c7000000, 0x00000000c7100000|  0%| F|  |TAMS 0x00000000c7000000, 0x00000000c7000000| Untracked 
| 113|0x00000000c7100000, 0x00000000c7100000, 0x00000000c7200000|  0%| F|  |TAMS 0x00000000c7100000, 0x00000000c7100000| Untracked 
| 114|0x00000000c7200000, 0x00000000c7200000, 0x00000000c7300000|  0%| F|  |TAMS 0x00000000c7200000, 0x00000000c7200000| Untracked 
| 115|0x00000000c7300000, 0x00000000c7300000, 0x00000000c7400000|  0%| F|  |TAMS 0x00000000c7300000, 0x00000000c7300000| Untracked 
| 116|0x00000000c7400000, 0x00000000c7400000, 0x00000000c7500000|  0%| F|  |TAMS 0x00000000c7400000, 0x00000000c7400000| Untracked 
| 117|0x00000000c7500000, 0x00000000c7500000, 0x00000000c7600000|  0%| F|  |TAMS 0x00000000c7500000, 0x00000000c7500000| Untracked 
| 118|0x00000000c7600000, 0x00000000c7600000, 0x00000000c7700000|  0%| F|  |TAMS 0x00000000c7600000, 0x00000000c7600000| Untracked 
| 119|0x00000000c7700000, 0x00000000c7700000, 0x00000000c7800000|  0%| F|  |TAMS 0x00000000c7700000, 0x00000000c7700000| Untracked 
| 120|0x00000000c7800000, 0x00000000c7800000, 0x00000000c7900000|  0%| F|  |TAMS 0x00000000c7800000, 0x00000000c7800000| Untracked 
| 121|0x00000000c7900000, 0x00000000c7900000, 0x00000000c7a00000|  0%| F|  |TAMS 0x00000000c7900000, 0x00000000c7900000| Untracked 
| 122|0x00000000c7a00000, 0x00000000c7a00000, 0x00000000c7b00000|  0%| F|  |TAMS 0x00000000c7a00000, 0x00000000c7a00000| Untracked 
| 123|0x00000000c7b00000, 0x00000000c7b00000, 0x00000000c7c00000|  0%| F|  |TAMS 0x00000000c7b00000, 0x00000000c7b00000| Untracked 
| 124|0x00000000c7c00000, 0x00000000c7c00000, 0x00000000c7d00000|  0%| F|  |TAMS 0x00000000c7c00000, 0x00000000c7c00000| Untracked 
| 125|0x00000000c7d00000, 0x00000000c7d00000, 0x00000000c7e00000|  0%| F|  |TAMS 0x00000000c7d00000, 0x00000000c7d00000| Untracked 
| 126|0x00000000c7e00000, 0x00000000c7e00000, 0x00000000c7f00000|  0%| F|  |TAMS 0x00000000c7e00000, 0x00000000c7e00000| Untracked 
| 127|0x00000000c7f00000, 0x00000000c7f00000, 0x00000000c8000000|  0%| F|  |TAMS 0x00000000c7f00000, 0x00000000c7f00000| Untracked 
| 128|0x00000000c8000000, 0x00000000c8000000, 0x00000000c8100000|  0%| F|  |TAMS 0x00000000c8000000, 0x00000000c8000000| Untracked 
| 129|0x00000000c8100000, 0x00000000c8100000, 0x00000000c8200000|  0%| F|  |TAMS 0x00000000c8100000, 0x00000000c8100000| Untracked 
| 130|0x00000000c8200000, 0x00000000c8200000, 0x00000000c8300000|  0%| F|  |TAMS 0x00000000c8200000, 0x00000000c8200000| Untracked 
| 131|0x00000000c8300000, 0x00000000c8400000, 0x00000000c8400000|100%|HS|  |TAMS 0x00000000c8400000, 0x00000000c8300000| Untracked 
| 132|0x00000000c8400000, 0x00000000c8500000, 0x00000000c8500000|100%|HS|  |TAMS 0x00000000c8500000, 0x00000000c8400000| Untracked 
| 133|0x00000000c8500000, 0x00000000c8500000, 0x00000000c8600000|  0%| F|  |TAMS 0x00000000c8500000, 0x00000000c8500000| Untracked 
| 134|0x00000000c8600000, 0x00000000c8600000, 0x00000000c8700000|  0%| F|  |TAMS 0x00000000c8600000, 0x00000000c8600000| Untracked 
| 135|0x00000000c8700000, 0x00000000c8700000, 0x00000000c8800000|  0%| F|  |TAMS 0x00000000c8700000, 0x00000000c8700000| Untracked 
| 136|0x00000000c8800000, 0x00000000c8800000, 0x00000000c8900000|  0%| F|  |TAMS 0x00000000c8800000, 0x00000000c8800000| Untracked 
| 137|0x00000000c8900000, 0x00000000c8900000, 0x00000000c8a00000|  0%| F|  |TAMS 0x00000000c8900000, 0x00000000c8900000| Untracked 
| 138|0x00000000c8a00000, 0x00000000c8a00000, 0x00000000c8b00000|  0%| F|  |TAMS 0x00000000c8a00000, 0x00000000c8a00000| Untracked 
| 139|0x00000000c8b00000, 0x00000000c8b00000, 0x00000000c8c00000|  0%| F|  |TAMS 0x00000000c8b00000, 0x00000000c8b00000| Untracked 
| 140|0x00000000c8c00000, 0x00000000c8c00000, 0x00000000c8d00000|  0%| F|  |TAMS 0x00000000c8c00000, 0x00000000c8c00000| Untracked 
| 141|0x00000000c8d00000, 0x00000000c8d00000, 0x00000000c8e00000|  0%| F|  |TAMS 0x00000000c8d00000, 0x00000000c8d00000| Untracked 
| 142|0x00000000c8e00000, 0x00000000c8e00000, 0x00000000c8f00000|  0%| F|  |TAMS 0x00000000c8e00000, 0x00000000c8e00000| Untracked 
| 143|0x00000000c8f00000, 0x00000000c9000000, 0x00000000c9000000|100%| O|  |TAMS 0x00000000c9000000, 0x00000000c8f00000| Untracked 
| 144|0x00000000c9000000, 0x00000000c9000000, 0x00000000c9100000|  0%| F|  |TAMS 0x00000000c9000000, 0x00000000c9000000| Untracked 
| 145|0x00000000c9100000, 0x00000000c9100000, 0x00000000c9200000|  0%| F|  |TAMS 0x00000000c9100000, 0x00000000c9100000| Untracked 
| 146|0x00000000c9200000, 0x00000000c9200000, 0x00000000c9300000|  0%| F|  |TAMS 0x00000000c9200000, 0x00000000c9200000| Untracked 
| 147|0x00000000c9300000, 0x00000000c9300000, 0x00000000c9400000|  0%| F|  |TAMS 0x00000000c9300000, 0x00000000c9300000| Untracked 
| 148|0x00000000c9400000, 0x00000000c9400000, 0x00000000c9500000|  0%| F|  |TAMS 0x00000000c9400000, 0x00000000c9400000| Untracked 
| 149|0x00000000c9500000, 0x00000000c9500000, 0x00000000c9600000|  0%| F|  |TAMS 0x00000000c9500000, 0x00000000c9500000| Untracked 
| 150|0x00000000c9600000, 0x00000000c9600000, 0x00000000c9700000|  0%| F|  |TAMS 0x00000000c9600000, 0x00000000c9600000| Untracked 
| 151|0x00000000c9700000, 0x00000000c9700000, 0x00000000c9800000|  0%| F|  |TAMS 0x00000000c9700000, 0x00000000c9700000| Untracked 
| 152|0x00000000c9800000, 0x00000000c9900000, 0x00000000c9900000|100%| O|  |TAMS 0x00000000c9900000, 0x00000000c9800000| Untracked 
| 153|0x00000000c9900000, 0x00000000c9900000, 0x00000000c9a00000|  0%| F|  |TAMS 0x00000000c9900000, 0x00000000c9900000| Untracked 
| 154|0x00000000c9a00000, 0x00000000c9a00000, 0x00000000c9b00000|  0%| F|  |TAMS 0x00000000c9a00000, 0x00000000c9a00000| Untracked 
| 155|0x00000000c9b00000, 0x00000000c9b00000, 0x00000000c9c00000|  0%| F|  |TAMS 0x00000000c9b00000, 0x00000000c9b00000| Untracked 
| 156|0x00000000c9c00000, 0x00000000c9c00000, 0x00000000c9d00000|  0%| F|  |TAMS 0x00000000c9c00000, 0x00000000c9c00000| Untracked 
| 157|0x00000000c9d00000, 0x00000000c9d00000, 0x00000000c9e00000|  0%| F|  |TAMS 0x00000000c9d00000, 0x00000000c9d00000| Untracked 
| 158|0x00000000c9e00000, 0x00000000c9e00000, 0x00000000c9f00000|  0%| F|  |TAMS 0x00000000c9e00000, 0x00000000c9e00000| Untracked 
| 159|0x00000000c9f00000, 0x00000000c9f00000, 0x00000000ca000000|  0%| F|  |TAMS 0x00000000c9f00000, 0x00000000c9f00000| Untracked 
| 160|0x00000000ca000000, 0x00000000ca000000, 0x00000000ca100000|  0%| F|  |TAMS 0x00000000ca000000, 0x00000000ca000000| Untracked 
| 161|0x00000000ca100000, 0x00000000ca100000, 0x00000000ca200000|  0%| F|  |TAMS 0x00000000ca100000, 0x00000000ca100000| Untracked 
| 162|0x00000000ca200000, 0x00000000ca200000, 0x00000000ca300000|  0%| F|  |TAMS 0x00000000ca200000, 0x00000000ca200000| Untracked 
| 163|0x00000000ca300000, 0x00000000ca300000, 0x00000000ca400000|  0%| F|  |TAMS 0x00000000ca300000, 0x00000000ca300000| Untracked 
| 164|0x00000000ca400000, 0x00000000ca400000, 0x00000000ca500000|  0%| F|  |TAMS 0x00000000ca400000, 0x00000000ca400000| Untracked 
| 165|0x00000000ca500000, 0x00000000ca500000, 0x00000000ca600000|  0%| F|  |TAMS 0x00000000ca500000, 0x00000000ca500000| Untracked 
| 166|0x00000000ca600000, 0x00000000ca600000, 0x00000000ca700000|  0%| F|  |TAMS 0x00000000ca600000, 0x00000000ca600000| Untracked 
| 167|0x00000000ca700000, 0x00000000ca700000, 0x00000000ca800000|  0%| F|  |TAMS 0x00000000ca700000, 0x00000000ca700000| Untracked 
| 168|0x00000000ca800000, 0x00000000ca800000, 0x00000000ca900000|  0%| F|  |TAMS 0x00000000ca800000, 0x00000000ca800000| Untracked 
| 169|0x00000000ca900000, 0x00000000ca900000, 0x00000000caa00000|  0%| F|  |TAMS 0x00000000ca900000, 0x00000000ca900000| Untracked 
| 170|0x00000000caa00000, 0x00000000caa00000, 0x00000000cab00000|  0%| F|  |TAMS 0x00000000caa00000, 0x00000000caa00000| Untracked 
| 171|0x00000000cab00000, 0x00000000cab00000, 0x00000000cac00000|  0%| F|  |TAMS 0x00000000cab00000, 0x00000000cab00000| Untracked 
| 172|0x00000000cac00000, 0x00000000cac00000, 0x00000000cad00000|  0%| F|  |TAMS 0x00000000cac00000, 0x00000000cac00000| Untracked 
| 173|0x00000000cad00000, 0x00000000cad00000, 0x00000000cae00000|  0%| F|  |TAMS 0x00000000cad00000, 0x00000000cad00000| Untracked 
| 174|0x00000000cae00000, 0x00000000cae00000, 0x00000000caf00000|  0%| F|  |TAMS 0x00000000cae00000, 0x00000000cae00000| Untracked 
| 175|0x00000000caf00000, 0x00000000caf00000, 0x00000000cb000000|  0%| F|  |TAMS 0x00000000caf00000, 0x00000000caf00000| Untracked 
| 176|0x00000000cb000000, 0x00000000cb000000, 0x00000000cb100000|  0%| F|  |TAMS 0x00000000cb000000, 0x00000000cb000000| Untracked 
| 177|0x00000000cb100000, 0x00000000cb100000, 0x00000000cb200000|  0%| F|  |TAMS 0x00000000cb100000, 0x00000000cb100000| Untracked 
| 178|0x00000000cb200000, 0x00000000cb200000, 0x00000000cb300000|  0%| F|  |TAMS 0x00000000cb200000, 0x00000000cb200000| Untracked 
| 179|0x00000000cb300000, 0x00000000cb300000, 0x00000000cb400000|  0%| F|  |TAMS 0x00000000cb300000, 0x00000000cb300000| Untracked 
| 180|0x00000000cb400000, 0x00000000cb400000, 0x00000000cb500000|  0%| F|  |TAMS 0x00000000cb400000, 0x00000000cb400000| Untracked 
| 181|0x00000000cb500000, 0x00000000cb500000, 0x00000000cb600000|  0%| F|  |TAMS 0x00000000cb500000, 0x00000000cb500000| Untracked 
| 182|0x00000000cb600000, 0x00000000cb600000, 0x00000000cb700000|  0%| F|  |TAMS 0x00000000cb600000, 0x00000000cb600000| Untracked 
| 183|0x00000000cb700000, 0x00000000cb700000, 0x00000000cb800000|  0%| F|  |TAMS 0x00000000cb700000, 0x00000000cb700000| Untracked 
| 184|0x00000000cb800000, 0x00000000cb800000, 0x00000000cb900000|  0%| F|  |TAMS 0x00000000cb800000, 0x00000000cb800000| Untracked 
| 185|0x00000000cb900000, 0x00000000cb900000, 0x00000000cba00000|  0%| F|  |TAMS 0x00000000cb900000, 0x00000000cb900000| Untracked 
| 186|0x00000000cba00000, 0x00000000cba00000, 0x00000000cbb00000|  0%| F|  |TAMS 0x00000000cba00000, 0x00000000cba00000| Untracked 
| 187|0x00000000cbb00000, 0x00000000cbb00000, 0x00000000cbc00000|  0%| F|  |TAMS 0x00000000cbb00000, 0x00000000cbb00000| Untracked 
| 188|0x00000000cbc00000, 0x00000000cbc00000, 0x00000000cbd00000|  0%| F|  |TAMS 0x00000000cbc00000, 0x00000000cbc00000| Untracked 
| 189|0x00000000cbd00000, 0x00000000cbd00000, 0x00000000cbe00000|  0%| F|  |TAMS 0x00000000cbd00000, 0x00000000cbd00000| Untracked 
| 190|0x00000000cbe00000, 0x00000000cbe00000, 0x00000000cbf00000|  0%| F|  |TAMS 0x00000000cbe00000, 0x00000000cbe00000| Untracked 
| 191|0x00000000cbf00000, 0x00000000cbf00000, 0x00000000cc000000|  0%| F|  |TAMS 0x00000000cbf00000, 0x00000000cbf00000| Untracked 
| 192|0x00000000cc000000, 0x00000000cc000000, 0x00000000cc100000|  0%| F|  |TAMS 0x00000000cc000000, 0x00000000cc000000| Untracked 
| 193|0x00000000cc100000, 0x00000000cc100000, 0x00000000cc200000|  0%| F|  |TAMS 0x00000000cc100000, 0x00000000cc100000| Untracked 
| 194|0x00000000cc200000, 0x00000000cc200000, 0x00000000cc300000|  0%| F|  |TAMS 0x00000000cc200000, 0x00000000cc200000| Untracked 
| 195|0x00000000cc300000, 0x00000000cc300000, 0x00000000cc400000|  0%| F|  |TAMS 0x00000000cc300000, 0x00000000cc300000| Untracked 
| 196|0x00000000cc400000, 0x00000000cc400000, 0x00000000cc500000|  0%| F|  |TAMS 0x00000000cc400000, 0x00000000cc400000| Untracked 
| 197|0x00000000cc500000, 0x00000000cc500000, 0x00000000cc600000|  0%| F|  |TAMS 0x00000000cc500000, 0x00000000cc500000| Untracked 
| 198|0x00000000cc600000, 0x00000000cc600000, 0x00000000cc700000|  0%| F|  |TAMS 0x00000000cc600000, 0x00000000cc600000| Untracked 
| 199|0x00000000cc700000, 0x00000000cc700000, 0x00000000cc800000|  0%| F|  |TAMS 0x00000000cc700000, 0x00000000cc700000| Untracked 
| 200|0x00000000cc800000, 0x00000000cc800000, 0x00000000cc900000|  0%| F|  |TAMS 0x00000000cc800000, 0x00000000cc800000| Untracked 
| 201|0x00000000cc900000, 0x00000000cc900000, 0x00000000cca00000|  0%| F|  |TAMS 0x00000000cc900000, 0x00000000cc900000| Untracked 
| 202|0x00000000cca00000, 0x00000000cca00000, 0x00000000ccb00000|  0%| F|  |TAMS 0x00000000cca00000, 0x00000000cca00000| Untracked 
| 203|0x00000000ccb00000, 0x00000000ccb00000, 0x00000000ccc00000|  0%| F|  |TAMS 0x00000000ccb00000, 0x00000000ccb00000| Untracked 
| 204|0x00000000ccc00000, 0x00000000ccc00000, 0x00000000ccd00000|  0%| F|  |TAMS 0x00000000ccc00000, 0x00000000ccc00000| Untracked 
| 205|0x00000000ccd00000, 0x00000000ccd00000, 0x00000000cce00000|  0%| F|  |TAMS 0x00000000ccd00000, 0x00000000ccd00000| Untracked 
| 206|0x00000000cce00000, 0x00000000cce00000, 0x00000000ccf00000|  0%| F|  |TAMS 0x00000000cce00000, 0x00000000cce00000| Untracked 
| 207|0x00000000ccf00000, 0x00000000ccf00000, 0x00000000cd000000|  0%| F|  |TAMS 0x00000000ccf00000, 0x00000000ccf00000| Untracked 
| 208|0x00000000cd000000, 0x00000000cd000000, 0x00000000cd100000|  0%| F|  |TAMS 0x00000000cd000000, 0x00000000cd000000| Untracked 
| 209|0x00000000cd100000, 0x00000000cd100000, 0x00000000cd200000|  0%| F|  |TAMS 0x00000000cd100000, 0x00000000cd100000| Untracked 
| 210|0x00000000cd200000, 0x00000000cd200000, 0x00000000cd300000|  0%| F|  |TAMS 0x00000000cd200000, 0x00000000cd200000| Untracked 
| 211|0x00000000cd300000, 0x00000000cd300000, 0x00000000cd400000|  0%| F|  |TAMS 0x00000000cd300000, 0x00000000cd300000| Untracked 
| 212|0x00000000cd400000, 0x00000000cd400000, 0x00000000cd500000|  0%| F|  |TAMS 0x00000000cd400000, 0x00000000cd400000| Untracked 
| 213|0x00000000cd500000, 0x00000000cd500000, 0x00000000cd600000|  0%| F|  |TAMS 0x00000000cd500000, 0x00000000cd500000| Untracked 
| 214|0x00000000cd600000, 0x00000000cd600000, 0x00000000cd700000|  0%| F|  |TAMS 0x00000000cd600000, 0x00000000cd600000| Untracked 
| 215|0x00000000cd700000, 0x00000000cd700000, 0x00000000cd800000|  0%| F|  |TAMS 0x00000000cd700000, 0x00000000cd700000| Untracked 
| 216|0x00000000cd800000, 0x00000000cd800000, 0x00000000cd900000|  0%| F|  |TAMS 0x00000000cd800000, 0x00000000cd800000| Untracked 
| 217|0x00000000cd900000, 0x00000000cd900000, 0x00000000cda00000|  0%| F|  |TAMS 0x00000000cd900000, 0x00000000cd900000| Untracked 
| 218|0x00000000cda00000, 0x00000000cda00000, 0x00000000cdb00000|  0%| F|  |TAMS 0x00000000cda00000, 0x00000000cda00000| Untracked 
| 219|0x00000000cdb00000, 0x00000000cdb00000, 0x00000000cdc00000|  0%| F|  |TAMS 0x00000000cdb00000, 0x00000000cdb00000| Untracked 
| 220|0x00000000cdc00000, 0x00000000cdc00000, 0x00000000cdd00000|  0%| F|  |TAMS 0x00000000cdc00000, 0x00000000cdc00000| Untracked 
| 221|0x00000000cdd00000, 0x00000000cdd00000, 0x00000000cde00000|  0%| F|  |TAMS 0x00000000cdd00000, 0x00000000cdd00000| Untracked 
| 222|0x00000000cde00000, 0x00000000cde00000, 0x00000000cdf00000|  0%| F|  |TAMS 0x00000000cde00000, 0x00000000cde00000| Untracked 
| 223|0x00000000cdf00000, 0x00000000cdf00000, 0x00000000ce000000|  0%| F|  |TAMS 0x00000000cdf00000, 0x00000000cdf00000| Untracked 
| 224|0x00000000ce000000, 0x00000000ce000000, 0x00000000ce100000|  0%| F|  |TAMS 0x00000000ce000000, 0x00000000ce000000| Untracked 
| 225|0x00000000ce100000, 0x00000000ce100000, 0x00000000ce200000|  0%| F|  |TAMS 0x00000000ce100000, 0x00000000ce100000| Untracked 
| 226|0x00000000ce200000, 0x00000000ce200000, 0x00000000ce300000|  0%| F|  |TAMS 0x00000000ce200000, 0x00000000ce200000| Untracked 
| 227|0x00000000ce300000, 0x00000000ce300000, 0x00000000ce400000|  0%| F|  |TAMS 0x00000000ce300000, 0x00000000ce300000| Untracked 
| 228|0x00000000ce400000, 0x00000000ce400000, 0x00000000ce500000|  0%| F|  |TAMS 0x00000000ce400000, 0x00000000ce400000| Untracked 
| 229|0x00000000ce500000, 0x00000000ce500000, 0x00000000ce600000|  0%| F|  |TAMS 0x00000000ce500000, 0x00000000ce500000| Untracked 
| 230|0x00000000ce600000, 0x00000000ce600000, 0x00000000ce700000|  0%| F|  |TAMS 0x00000000ce600000, 0x00000000ce600000| Untracked 
| 231|0x00000000ce700000, 0x00000000ce700000, 0x00000000ce800000|  0%| F|  |TAMS 0x00000000ce700000, 0x00000000ce700000| Untracked 
| 232|0x00000000ce800000, 0x00000000ce800000, 0x00000000ce900000|  0%| F|  |TAMS 0x00000000ce800000, 0x00000000ce800000| Untracked 
| 233|0x00000000ce900000, 0x00000000ce900000, 0x00000000cea00000|  0%| F|  |TAMS 0x00000000ce900000, 0x00000000ce900000| Untracked 
| 234|0x00000000cea00000, 0x00000000cea00000, 0x00000000ceb00000|  0%| F|  |TAMS 0x00000000cea00000, 0x00000000cea00000| Untracked 
| 235|0x00000000ceb00000, 0x00000000ceb00000, 0x00000000cec00000|  0%| F|  |TAMS 0x00000000ceb00000, 0x00000000ceb00000| Untracked 
| 236|0x00000000cec00000, 0x00000000cec00000, 0x00000000ced00000|  0%| F|  |TAMS 0x00000000cec00000, 0x00000000cec00000| Untracked 
| 237|0x00000000ced00000, 0x00000000ced00000, 0x00000000cee00000|  0%| F|  |TAMS 0x00000000ced00000, 0x00000000ced00000| Untracked 
| 238|0x00000000cee00000, 0x00000000cee00000, 0x00000000cef00000|  0%| F|  |TAMS 0x00000000cee00000, 0x00000000cee00000| Untracked 
| 239|0x00000000cef00000, 0x00000000cef00000, 0x00000000cf000000|  0%| F|  |TAMS 0x00000000cef00000, 0x00000000cef00000| Untracked 
| 240|0x00000000cf000000, 0x00000000cf000000, 0x00000000cf100000|  0%| F|  |TAMS 0x00000000cf000000, 0x00000000cf000000| Untracked 
| 241|0x00000000cf100000, 0x00000000cf100000, 0x00000000cf200000|  0%| F|  |TAMS 0x00000000cf100000, 0x00000000cf100000| Untracked 
| 242|0x00000000cf200000, 0x00000000cf200000, 0x00000000cf300000|  0%| F|  |TAMS 0x00000000cf200000, 0x00000000cf200000| Untracked 
| 243|0x00000000cf300000, 0x00000000cf300000, 0x00000000cf400000|  0%| F|  |TAMS 0x00000000cf300000, 0x00000000cf300000| Untracked 
| 244|0x00000000cf400000, 0x00000000cf400000, 0x00000000cf500000|  0%| F|  |TAMS 0x00000000cf400000, 0x00000000cf400000| Untracked 
| 245|0x00000000cf500000, 0x00000000cf500000, 0x00000000cf600000|  0%| F|  |TAMS 0x00000000cf500000, 0x00000000cf500000| Untracked 
| 246|0x00000000cf600000, 0x00000000cf600000, 0x00000000cf700000|  0%| F|  |TAMS 0x00000000cf600000, 0x00000000cf600000| Untracked 
| 247|0x00000000cf700000, 0x00000000cf700000, 0x00000000cf800000|  0%| F|  |TAMS 0x00000000cf700000, 0x00000000cf700000| Untracked 
| 248|0x00000000cf800000, 0x00000000cf800000, 0x00000000cf900000|  0%| F|  |TAMS 0x00000000cf800000, 0x00000000cf800000| Untracked 
| 249|0x00000000cf900000, 0x00000000cf900000, 0x00000000cfa00000|  0%| F|  |TAMS 0x00000000cf900000, 0x00000000cf900000| Untracked 
| 250|0x00000000cfa00000, 0x00000000cfa00000, 0x00000000cfb00000|  0%| F|  |TAMS 0x00000000cfa00000, 0x00000000cfa00000| Untracked 
| 251|0x00000000cfb00000, 0x00000000cfb00000, 0x00000000cfc00000|  0%| F|  |TAMS 0x00000000cfb00000, 0x00000000cfb00000| Untracked 
| 252|0x00000000cfc00000, 0x00000000cfc00000, 0x00000000cfd00000|  0%| F|  |TAMS 0x00000000cfc00000, 0x00000000cfc00000| Untracked 
| 253|0x00000000cfd00000, 0x00000000cfd00000, 0x00000000cfe00000|  0%| F|  |TAMS 0x00000000cfd00000, 0x00000000cfd00000| Untracked 
| 254|0x00000000cfe00000, 0x00000000cfe00000, 0x00000000cff00000|  0%| F|  |TAMS 0x00000000cfe00000, 0x00000000cfe00000| Untracked 
| 255|0x00000000cff00000, 0x00000000cff00000, 0x00000000d0000000|  0%| F|  |TAMS 0x00000000cff00000, 0x00000000cff00000| Untracked 
| 256|0x00000000d0000000, 0x00000000d0000000, 0x00000000d0100000|  0%| F|  |TAMS 0x00000000d0000000, 0x00000000d0000000| Untracked 
| 257|0x00000000d0100000, 0x00000000d0100000, 0x00000000d0200000|  0%| F|  |TAMS 0x00000000d0100000, 0x00000000d0100000| Untracked 
| 258|0x00000000d0200000, 0x00000000d0200000, 0x00000000d0300000|  0%| F|  |TAMS 0x00000000d0200000, 0x00000000d0200000| Untracked 
| 259|0x00000000d0300000, 0x00000000d0300000, 0x00000000d0400000|  0%| F|  |TAMS 0x00000000d0300000, 0x00000000d0300000| Untracked 
| 260|0x00000000d0400000, 0x00000000d0400000, 0x00000000d0500000|  0%| F|  |TAMS 0x00000000d0400000, 0x00000000d0400000| Untracked 
| 261|0x00000000d0500000, 0x00000000d0500000, 0x00000000d0600000|  0%| F|  |TAMS 0x00000000d0500000, 0x00000000d0500000| Untracked 
| 262|0x00000000d0600000, 0x00000000d0600000, 0x00000000d0700000|  0%| F|  |TAMS 0x00000000d0600000, 0x00000000d0600000| Untracked 
| 263|0x00000000d0700000, 0x00000000d07060b0, 0x00000000d0800000|  2%| E|  |TAMS 0x00000000d0700000, 0x00000000d0700000| Complete 

Card table byte_map: [0x000001b4c3230000,0x000001b4c3430000] _byte_map_base: 0x000001b4c2c30000

Marking Bits (Prev, Next): (CMBitMap*) 0x000001b4bb120f00, (CMBitMap*) 0x000001b4bb120f40
 Prev Bits: [0x000001b4c3630000, 0x000001b4c4630000)
 Next Bits: [0x000001b4c4630000, 0x000001b4c5630000)

Polling page: 0x000001b4baeb0000

Metaspace:

Usage:
  Non-class:     62.01 MB used.
      Class:      9.90 MB used.
       Both:     71.90 MB used.

Virtual space:
  Non-class space:       64.00 MB reserved,      62.31 MB ( 97%) committed,  1 nodes.
      Class space:        1.00 GB reserved,      10.12 MB ( <1%) committed,  1 nodes.
             Both:        1.06 GB reserved,      72.44 MB (  7%) committed. 

Chunk freelists:
   Non-Class:  903.00 KB
       Class:  5.82 MB
        Both:  6.70 MB

MaxMetaspaceSize: unlimited
CompressedClassSpaceSize: 1.00 GB
Initial GC threshold: 21.00 MB
Current GC threshold: 120.56 MB
CDS: off
MetaspaceReclaimPolicy: balanced
 - commit_granule_bytes: 65536.
 - commit_granule_words: 8192.
 - virtual_space_node_default_size: 8388608.
 - enlarge_chunks_in_place: 1.
 - new_chunks_are_fully_committed: 0.
 - uncommit_free_chunks: 1.
 - use_allocation_guard: 0.
 - handle_deallocations: 1.


Internal statistics:

num_allocs_failed_limit: 8.
num_arena_births: 1140.
num_arena_deaths: 518.
num_vsnodes_births: 2.
num_vsnodes_deaths: 0.
num_space_committed: 1163.
num_space_uncommitted: 4.
num_chunks_returned_to_freelist: 695.
num_chunks_taken_from_freelist: 3826.
num_chunk_merges: 256.
num_chunk_splits: 2466.
num_chunks_enlarged: 1729.
num_inconsistent_stats: 0.

CodeCache: size=49152Kb used=36426Kb max_used=36524Kb free=12725Kb
 bounds [0x000001b4bf590000, 0x000001b4c19b0000, 0x000001b4c2590000]
 total_blobs=19214 nmethods=18521 adapters=618
 compilation: enabled
              stopped_count=0, restarted_count=0
 full_count=0

Compilation events (20 events):
Event: 50601.756 Thread 0x000001b4c836b830 18793       1       org.eclipse.jdt.internal.compiler.ast.FunctionalExpression$1BridgeCollector::collectBridges (244 bytes)
Event: 50601.757 Thread 0x000001b4c836b830 nmethod 18793 0x000001b4c189af90 code [0x000001b4c189b1e0, 0x000001b4c189b6b8]
Event: 50601.757 Thread 0x000001b4c836b830 18792       1       org.eclipse.jdt.internal.compiler.codegen.CodeStream::ifeq (86 bytes)
Event: 50601.757 Thread 0x000001b4c836b830 nmethod 18792 0x000001b4c189a110 code [0x000001b4c189a340, 0x000001b4c189aaf8]
Event: 50601.757 Thread 0x000001b4c836b830 18795       1       org.eclipse.jdt.internal.compiler.codegen.ConstantPool::literalIndexForMethodHandle (92 bytes)
Event: 50601.758 Thread 0x000001b4c836b830 nmethod 18795 0x000001b4c1899890 code [0x000001b4c1899a80, 0x000001b4c1899e88]
Event: 50601.758 Thread 0x000001b4c836b830 18796       1       org.eclipse.jdt.internal.compiler.codegen.ConstantPool::literalIndexForMethod (34 bytes)
Event: 50601.758 Thread 0x000001b4c836b830 nmethod 18796 0x000001b4c1899410 code [0x000001b4c18995c0, 0x000001b4c1899748]
Event: 50601.758 Thread 0x000001b4c836b830 18797       1       org.eclipse.jdt.internal.compiler.codegen.ConstantPool::literalIndexForMethodType (75 bytes)
Event: 50601.758 Thread 0x000001b4c836b830 nmethod 18797 0x000001b4c1898d90 code [0x000001b4c1898f60, 0x000001b4c1899278]
Event: 50601.758 Thread 0x000001b4c836b830 18794       1       org.eclipse.jdt.internal.compiler.ast.FunctionalExpression$1BridgeCollector::getBridges (5 bytes)
Event: 50601.758 Thread 0x000001b4c836b830 nmethod 18794 0x000001b4c1898a90 code [0x000001b4c1898c20, 0x000001b4c1898cf8]
Event: 50709.784 Thread 0x000001b4c836b830 18798       1       java.util.concurrent.Executors$DefaultThreadFactory::newThread (68 bytes)
Event: 50709.784 Thread 0x000001b4c836b830 nmethod 18798 0x000001b4c1898010 code [0x000001b4c1898240, 0x000001b4c1898778]
Event: 50720.990 Thread 0x000001b4c836b830 18799       1       java.util.concurrent.ForkJoinPool::runWorker (72 bytes)
Event: 50720.990 Thread 0x000001b4c836b830 nmethod 18799 0x000001b4c1897b90 code [0x000001b4c1897d40, 0x000001b4c1897f18]
Event: 80604.513 Thread 0x000001b4c836b830 18800       1       org.eclipse.jdt.internal.compiler.ClassFile::traverse (7180 bytes)
Event: 80604.537 Thread 0x000001b4c836b830 nmethod 18800 0x000001b4c198ea90 code [0x000001b4c19903e0, 0x000001b4c199cec8]
Event: 85628.609 Thread 0x000001b4c836b830 18801       1       java.util.concurrent.SynchronousQueue$TransferStack::clean (114 bytes)
Event: 85628.617 Thread 0x000001b4c836b830 nmethod 18801 0x000001b4c168e690 code [0x000001b4c168e940, 0x000001b4c168f5f8]

GC Heap History (20 events):
Event: 96530.233 GC heap before
{Heap before GC invocations=5607 (full 5187):
 garbage-first heap   total 270336K, used 96131K [0x00000000c0000000, 0x0000000100000000)
  region size 1024K, 1 young (1024K), 0 survivors (0K)
 Metaspace       used 73629K, committed 74176K, reserved 1114112K
  class space    used 10132K, committed 10368K, reserved 1048576K
}
Event: 96530.294 GC heap after
{Heap after GC invocations=5608 (full 5188):
 garbage-first heap   total 270336K, used 96131K [0x00000000c0000000, 0x0000000100000000)
  region size 1024K, 0 young (0K), 0 survivors (0K)
 Metaspace       used 73629K, committed 74176K, reserved 1114112K
  class space    used 10132K, committed 10368K, reserved 1048576K
}
Event: 96540.400 GC heap before
{Heap before GC invocations=5608 (full 5188):
 garbage-first heap   total 270336K, used 96131K [0x00000000c0000000, 0x0000000100000000)
  region size 1024K, 1 young (1024K), 0 survivors (0K)
 Metaspace       used 73629K, committed 74176K, reserved 1114112K
  class space    used 10132K, committed 10368K, reserved 1048576K
}
Event: 96540.458 GC heap after
{Heap after GC invocations=5609 (full 5189):
 garbage-first heap   total 270336K, used 96131K [0x00000000c0000000, 0x0000000100000000)
  region size 1024K, 0 young (0K), 0 survivors (0K)
 Metaspace       used 73629K, committed 74176K, reserved 1114112K
  class space    used 10132K, committed 10368K, reserved 1048576K
}
Event: 96550.578 GC heap before
{Heap before GC invocations=5609 (full 5189):
 garbage-first heap   total 270336K, used 96131K [0x00000000c0000000, 0x0000000100000000)
  region size 1024K, 1 young (1024K), 0 survivors (0K)
 Metaspace       used 73629K, committed 74176K, reserved 1114112K
  class space    used 10132K, committed 10368K, reserved 1048576K
}
Event: 96550.637 GC heap after
{Heap after GC invocations=5610 (full 5190):
 garbage-first heap   total 270336K, used 96131K [0x00000000c0000000, 0x0000000100000000)
  region size 1024K, 0 young (0K), 0 survivors (0K)
 Metaspace       used 73629K, committed 74176K, reserved 1114112K
  class space    used 10132K, committed 10368K, reserved 1048576K
}
Event: 96560.748 GC heap before
{Heap before GC invocations=5610 (full 5190):
 garbage-first heap   total 270336K, used 96131K [0x00000000c0000000, 0x0000000100000000)
  region size 1024K, 1 young (1024K), 0 survivors (0K)
 Metaspace       used 73629K, committed 74176K, reserved 1114112K
  class space    used 10132K, committed 10368K, reserved 1048576K
}
Event: 96560.809 GC heap after
{Heap after GC invocations=5611 (full 5191):
 garbage-first heap   total 270336K, used 96131K [0x00000000c0000000, 0x0000000100000000)
  region size 1024K, 0 young (0K), 0 survivors (0K)
 Metaspace       used 73629K, committed 74176K, reserved 1114112K
  class space    used 10132K, committed 10368K, reserved 1048576K
}
Event: 96570.929 GC heap before
{Heap before GC invocations=5611 (full 5191):
 garbage-first heap   total 270336K, used 96131K [0x00000000c0000000, 0x0000000100000000)
  region size 1024K, 1 young (1024K), 0 survivors (0K)
 Metaspace       used 73629K, committed 74176K, reserved 1114112K
  class space    used 10132K, committed 10368K, reserved 1048576K
}
Event: 96570.994 GC heap after
{Heap after GC invocations=5612 (full 5192):
 garbage-first heap   total 270336K, used 96131K [0x00000000c0000000, 0x0000000100000000)
  region size 1024K, 0 young (0K), 0 survivors (0K)
 Metaspace       used 73629K, committed 74176K, reserved 1114112K
  class space    used 10132K, committed 10368K, reserved 1048576K
}
Event: 96581.113 GC heap before
{Heap before GC invocations=5612 (full 5192):
 garbage-first heap   total 270336K, used 96131K [0x00000000c0000000, 0x0000000100000000)
  region size 1024K, 1 young (1024K), 0 survivors (0K)
 Metaspace       used 73629K, committed 74176K, reserved 1114112K
  class space    used 10132K, committed 10368K, reserved 1048576K
}
Event: 96581.173 GC heap after
{Heap after GC invocations=5613 (full 5193):
 garbage-first heap   total 270336K, used 96131K [0x00000000c0000000, 0x0000000100000000)
  region size 1024K, 0 young (0K), 0 survivors (0K)
 Metaspace       used 73629K, committed 74176K, reserved 1114112K
  class space    used 10132K, committed 10368K, reserved 1048576K
}
Event: 96591.285 GC heap before
{Heap before GC invocations=5613 (full 5193):
 garbage-first heap   total 270336K, used 96131K [0x00000000c0000000, 0x0000000100000000)
  region size 1024K, 1 young (1024K), 0 survivors (0K)
 Metaspace       used 73629K, committed 74176K, reserved 1114112K
  class space    used 10132K, committed 10368K, reserved 1048576K
}
Event: 96591.345 GC heap after
{Heap after GC invocations=5614 (full 5194):
 garbage-first heap   total 270336K, used 96131K [0x00000000c0000000, 0x0000000100000000)
  region size 1024K, 0 young (0K), 0 survivors (0K)
 Metaspace       used 73629K, committed 74176K, reserved 1114112K
  class space    used 10132K, committed 10368K, reserved 1048576K
}
Event: 96601.462 GC heap before
{Heap before GC invocations=5614 (full 5194):
 garbage-first heap   total 270336K, used 96131K [0x00000000c0000000, 0x0000000100000000)
  region size 1024K, 1 young (1024K), 0 survivors (0K)
 Metaspace       used 73629K, committed 74176K, reserved 1114112K
  class space    used 10132K, committed 10368K, reserved 1048576K
}
Event: 96601.523 GC heap after
{Heap after GC invocations=5615 (full 5195):
 garbage-first heap   total 270336K, used 96131K [0x00000000c0000000, 0x0000000100000000)
  region size 1024K, 0 young (0K), 0 survivors (0K)
 Metaspace       used 73629K, committed 74176K, reserved 1114112K
  class space    used 10132K, committed 10368K, reserved 1048576K
}
Event: 96611.643 GC heap before
{Heap before GC invocations=5615 (full 5195):
 garbage-first heap   total 270336K, used 96131K [0x00000000c0000000, 0x0000000100000000)
  region size 1024K, 1 young (1024K), 0 survivors (0K)
 Metaspace       used 73629K, committed 74176K, reserved 1114112K
  class space    used 10132K, committed 10368K, reserved 1048576K
}
Event: 96611.707 GC heap after
{Heap after GC invocations=5616 (full 5196):
 garbage-first heap   total 270336K, used 96131K [0x00000000c0000000, 0x0000000100000000)
  region size 1024K, 0 young (0K), 0 survivors (0K)
 Metaspace       used 73629K, committed 74176K, reserved 1114112K
  class space    used 10132K, committed 10368K, reserved 1048576K
}
Event: 96621.818 GC heap before
{Heap before GC invocations=5616 (full 5196):
 garbage-first heap   total 270336K, used 96131K [0x00000000c0000000, 0x0000000100000000)
  region size 1024K, 1 young (1024K), 0 survivors (0K)
 Metaspace       used 73629K, committed 74176K, reserved 1114112K
  class space    used 10132K, committed 10368K, reserved 1048576K
}
Event: 96621.876 GC heap after
{Heap after GC invocations=5617 (full 5197):
 garbage-first heap   total 270336K, used 96131K [0x00000000c0000000, 0x0000000100000000)
  region size 1024K, 0 young (0K), 0 survivors (0K)
 Metaspace       used 73629K, committed 74176K, reserved 1114112K
  class space    used 10132K, committed 10368K, reserved 1048576K
}

Dll operation events (10 events):
Event: 0.017 Loaded shared library c:\Users\ozena\.vscode\extensions\redhat.java-1.18.0-win32-x64\jre\17.0.7-win32-x86_64\bin\java.dll
Event: 0.283 Loaded shared library C:\Users\ozena\.vscode\extensions\redhat.java-1.18.0-win32-x64\jre\17.0.7-win32-x86_64\bin\net.dll
Event: 0.286 Loaded shared library C:\Users\ozena\.vscode\extensions\redhat.java-1.18.0-win32-x64\jre\17.0.7-win32-x86_64\bin\nio.dll
Event: 0.976 Loaded shared library C:\Users\ozena\.vscode\extensions\redhat.java-1.18.0-win32-x64\jre\17.0.7-win32-x86_64\bin\zip.dll
Event: 6.941 Loaded shared library C:\Users\ozena\.vscode\extensions\redhat.java-1.18.0-win32-x64\jre\17.0.7-win32-x86_64\bin\jimage.dll
Event: 11.750 Loaded shared library C:\Users\ozena\.vscode\extensions\redhat.java-1.18.0-win32-x64\jre\17.0.7-win32-x86_64\bin\management.dll
Event: 11.780 Loaded shared library C:\Users\ozena\.vscode\extensions\redhat.java-1.18.0-win32-x64\jre\17.0.7-win32-x86_64\bin\management_ext.dll
Event: 13.851 Loaded shared library C:\Users\ozena\.vscode\extensions\redhat.java-1.18.0-win32-x64\jre\17.0.7-win32-x86_64\bin\sunmscapi.dll
Event: 18.626 Loaded shared library c:\Users\ozena\.vscode\extensions\redhat.java-1.18.0-win32-x64\jre\17.0.7-win32-x86_64\bin\verify.dll
Event: 21.427 Loaded shared library C:\Users\ozena\AppData\Local\Temp\snappy-1.1.8-1a8eea1c-cd36-45aa-af79-e34428ebfd20-snappyjava.dll

Deoptimization events (20 events):
Event: 31594.481 Thread 0x000001b4d7b0cf20 DEOPT PACKING pc=0x000001b4c0575619 sp=0x0000009833ffdc50
Event: 31594.481 Thread 0x000001b4d7b0cf20 DEOPT UNPACKING pc=0x000001b4bf5e7143 sp=0x0000009833ffd1e0 mode 3
Event: 31675.903 Thread 0x000001b4d7b0cf20 DEOPT PACKING pc=0x000001b4c134e2b6 sp=0x0000009833ffd120
Event: 31675.903 Thread 0x000001b4d7b0cf20 DEOPT UNPACKING pc=0x000001b4bf5e7143 sp=0x0000009833ffc640 mode 3
Event: 32639.004 Thread 0x000001b4d796aed0 DEOPT PACKING pc=0x000001b4c05e3cf4 sp=0x00000098327fe070
Event: 32639.004 Thread 0x000001b4d796aed0 DEOPT UNPACKING pc=0x000001b4bf5e7143 sp=0x00000098327fd5f8 mode 0
Event: 32639.014 Thread 0x000001b4d796aed0 DEOPT PACKING pc=0x000001b4c0a01f3c sp=0x00000098327fdc60
Event: 32639.015 Thread 0x000001b4d796aed0 DEOPT UNPACKING pc=0x000001b4bf5e7143 sp=0x00000098327fd148 mode 0
Event: 32639.015 Thread 0x000001b4d796aed0 DEOPT PACKING pc=0x000001b4c0a17cdf sp=0x00000098327fdab0
Event: 32639.015 Thread 0x000001b4d796aed0 DEOPT UNPACKING pc=0x000001b4bf5e7143 sp=0x00000098327fd1d0 mode 3
Event: 33356.129 Thread 0x000001b4ce183550 DEOPT PACKING pc=0x000001b4c17e961d sp=0x00000098331fd7f0
Event: 33356.129 Thread 0x000001b4ce183550 DEOPT UNPACKING pc=0x000001b4bf5e7143 sp=0x00000098331fcd20 mode 3
Event: 34566.126 Thread 0x000001b4cf3a3f50 DEOPT PACKING pc=0x000001b4c11dfa4e sp=0x0000009833dfe090
Event: 34566.126 Thread 0x000001b4cf3a3f50 DEOPT UNPACKING pc=0x000001b4bf5e7143 sp=0x0000009833dfd5d8 mode 0
Event: 43056.998 Thread 0x000001b4ce61aea0 DEOPT PACKING pc=0x000001b4bfd8fb44 sp=0x0000009831dfddd0
Event: 43056.998 Thread 0x000001b4ce61aea0 DEOPT UNPACKING pc=0x000001b4bf5e7143 sp=0x0000009831dfd2f8 mode 3
Event: 49234.038 Thread 0x000001b4ce183550 DEOPT PACKING pc=0x000001b4c18c5b8a sp=0x00000098327fe470
Event: 49234.039 Thread 0x000001b4ce183550 DEOPT UNPACKING pc=0x000001b4bf5e7143 sp=0x00000098327fd8e0 mode 3
Event: 50774.307 Thread 0x000001b4d7ea5830 DEOPT PACKING pc=0x000001b4c184571f sp=0x00000098327fd7e0
Event: 50774.307 Thread 0x000001b4d7ea5830 DEOPT UNPACKING pc=0x000001b4bf5e7143 sp=0x00000098327fd218 mode 3

Classes unloaded (20 events):
Event: 47099.632 Thread 0x000001b4c82d18e0 Unloading class 0x0000000100a28800 'jdk/internal/reflect/GeneratedMethodAccessor109'
Event: 47099.632 Thread 0x000001b4c82d18e0 Unloading class 0x00000001009f0c00 'jdk/internal/reflect/GeneratedConstructorAccessor127'
Event: 47099.632 Thread 0x000001b4c82d18e0 Unloading class 0x000000010035d000 'jdk/internal/reflect/GeneratedMethodAccessor108'
Event: 47099.632 Thread 0x000001b4c82d18e0 Unloading class 0x0000000100a1c800 'jdk/internal/reflect/GeneratedMethodAccessor107'
Event: 47099.632 Thread 0x000001b4c82d18e0 Unloading class 0x0000000100a28400 'jdk/internal/reflect/GeneratedMethodAccessor106'
Event: 48253.483 Thread 0x000001b4c82d18e0 Unloading class 0x0000000100a28c00 'jdk/internal/reflect/GeneratedConstructorAccessor138'
Event: 48253.483 Thread 0x000001b4c82d18e0 Unloading class 0x0000000100a28800 'jdk/internal/reflect/GeneratedConstructorAccessor137'
Event: 48293.970 Thread 0x000001b4c82d18e0 Unloading class 0x0000000100a29400 'jdk/internal/reflect/GeneratedConstructorAccessor140'
Event: 48293.970 Thread 0x000001b4c82d18e0 Unloading class 0x0000000100a29000 'jdk/internal/reflect/GeneratedConstructorAccessor139'
Event: 50117.984 Thread 0x000001b4c82d18e0 Unloading class 0x0000000100a29400 'jdk/internal/reflect/GeneratedConstructorAccessor142'
Event: 50117.984 Thread 0x000001b4c82d18e0 Unloading class 0x0000000100a29000 'jdk/internal/reflect/GeneratedConstructorAccessor141'
Event: 80574.770 Thread 0x000001b4c82d18e0 Unloading class 0x0000000100a29400 'jdk/internal/reflect/GeneratedConstructorAccessor144'
Event: 80574.770 Thread 0x000001b4c82d18e0 Unloading class 0x0000000100a29000 'jdk/internal/reflect/GeneratedConstructorAccessor143'
Event: 80574.770 Thread 0x000001b4c82d18e0 Unloading class 0x0000000100a1bc00 'jdk/internal/reflect/GeneratedMethodAccessor122'
Event: 80574.770 Thread 0x000001b4c82d18e0 Unloading class 0x0000000100a1b800 'jdk/internal/reflect/GeneratedConstructorAccessor136'
Event: 80574.770 Thread 0x000001b4c82d18e0 Unloading class 0x0000000100a29800 'jdk/internal/reflect/GeneratedMethodAccessor121'
Event: 80574.770 Thread 0x000001b4c82d18e0 Unloading class 0x0000000100a28400 'jdk/internal/reflect/GeneratedConstructorAccessor135'
Event: 80574.770 Thread 0x000001b4c82d18e0 Unloading class 0x0000000100a1c800 'jdk/internal/reflect/GeneratedMethodAccessor120'
Event: 80574.770 Thread 0x000001b4c82d18e0 Unloading class 0x000000010035d000 'jdk/internal/reflect/GeneratedMethodAccessor119'
Event: 80574.770 Thread 0x000001b4c82d18e0 Unloading class 0x00000001009f0c00 'jdk/internal/reflect/GeneratedMethodAccessor118'

Classes redefined (0 events):
No events

Internal exceptions (20 events):
Event: 50779.447 Thread 0x000001b4d7ea5830 Exception <a 'sun/nio/fs/WindowsException'{0x00000000d06771e8}> (0x00000000d06771e8) 
thrown [s\src\hotspot\share\prims\jni.cpp, line 516]
Event: 50779.447 Thread 0x000001b4d7ea5830 Exception <a 'sun/nio/fs/WindowsException'{0x00000000d0677900}> (0x00000000d0677900) 
thrown [s\src\hotspot\share\prims\jni.cpp, line 516]
Event: 50779.447 Thread 0x000001b4d7ea5830 Exception <a 'sun/nio/fs/WindowsException'{0x00000000d0677c60}> (0x00000000d0677c60) 
thrown [s\src\hotspot\share\prims\jni.cpp, line 516]
Event: 50779.465 Thread 0x000001b4d7ea5830 Exception <a 'sun/nio/fs/WindowsException'{0x00000000d05d7678}> (0x00000000d05d7678) 
thrown [s\src\hotspot\share\prims\jni.cpp, line 516]
Event: 80604.501 Thread 0x000001b4cf2bc730 Exception <a 'sun/nio/fs/WindowsException'{0x00000000d0658d30}> (0x00000000d0658d30) 
thrown [s\src\hotspot\share\prims\jni.cpp, line 516]
Event: 80604.554 Thread 0x000001b4cf2bc730 Exception <a 'sun/nio/fs/WindowsException'{0x00000000d0026770}> (0x00000000d0026770) 
thrown [s\src\hotspot\share\prims\jni.cpp, line 516]
Event: 80604.554 Thread 0x000001b4cf2bc730 Exception <a 'sun/nio/fs/WindowsException'{0x00000000d0026a70}> (0x00000000d0026a70) 
thrown [s\src\hotspot\share\prims\jni.cpp, line 516]
Event: 80604.564 Thread 0x000001b4cf2bc730 Exception <a 'sun/nio/fs/WindowsException'{0x00000000d003b038}> (0x00000000d003b038) 
thrown [s\src\hotspot\share\prims\jni.cpp, line 516]
Event: 80604.564 Thread 0x000001b4cf2bc730 Exception <a 'sun/nio/fs/WindowsException'{0x00000000d003b368}> (0x00000000d003b368) 
thrown [s\src\hotspot\share\prims\jni.cpp, line 516]
Event: 80604.564 Thread 0x000001b4cf2bc730 Exception <a 'sun/nio/fs/WindowsException'{0x00000000d003ba60}> (0x00000000d003ba60) 
thrown [s\src\hotspot\share\prims\jni.cpp, line 516]
Event: 80604.564 Thread 0x000001b4cf2bc730 Exception <a 'sun/nio/fs/WindowsException'{0x00000000d003bd60}> (0x00000000d003bd60) 
thrown [s\src\hotspot\share\prims\jni.cpp, line 516]
Event: 80604.564 Thread 0x000001b4cf2bc730 Exception <a 'sun/nio/fs/WindowsException'{0x00000000d003c478}> (0x00000000d003c478) 
thrown [s\src\hotspot\share\prims\jni.cpp, line 516]
Event: 80604.564 Thread 0x000001b4cf2bc730 Exception <a 'sun/nio/fs/WindowsException'{0x00000000d003c7e8}> (0x00000000d003c7e8) 
thrown [s\src\hotspot\share\prims\jni.cpp, line 516]
Event: 80604.564 Thread 0x000001b4cf2bc730 Exception <a 'sun/nio/fs/WindowsException'{0x00000000d003cee0}> (0x00000000d003cee0) 
thrown [s\src\hotspot\share\prims\jni.cpp, line 516]
Event: 80604.565 Thread 0x000001b4cf2bc730 Exception <a 'sun/nio/fs/WindowsException'{0x00000000d003d1e0}> (0x00000000d003d1e0) 
thrown [s\src\hotspot\share\prims\jni.cpp, line 516]
Event: 80604.565 Thread 0x000001b4cf2bc730 Exception <a 'sun/nio/fs/WindowsException'{0x00000000d003d8e8}> (0x00000000d003d8e8) 
thrown [s\src\hotspot\share\prims\jni.cpp, line 516]
Event: 80604.565 Thread 0x000001b4cf2bc730 Exception <a 'sun/nio/fs/WindowsException'{0x00000000d003dc18}> (0x00000000d003dc18) 
thrown [s\src\hotspot\share\prims\jni.cpp, line 516]
Event: 80604.565 Thread 0x000001b4cf2bc730 Exception <a 'sun/nio/fs/WindowsException'{0x00000000d003e330}> (0x00000000d003e330) 
thrown [s\src\hotspot\share\prims\jni.cpp, line 516]
Event: 80604.565 Thread 0x000001b4cf2bc730 Exception <a 'sun/nio/fs/WindowsException'{0x00000000d003e690}> (0x00000000d003e690) 
thrown [s\src\hotspot\share\prims\jni.cpp, line 516]
Event: 80604.606 Thread 0x000001b4cf2bc730 Exception <a 'sun/nio/fs/WindowsException'{0x00000000cff9b510}> (0x00000000cff9b510) 
thrown [s\src\hotspot\share\prims\jni.cpp, line 516]

VM Operations (20 events):
Event: 96530.294 Executing VM operation: G1CollectFull done
Event: 96540.400 Executing VM operation: G1CollectFull
Event: 96540.458 Executing VM operation: G1CollectFull done
Event: 96550.578 Executing VM operation: G1CollectFull
Event: 96550.637 Executing VM operation: G1CollectFull done
Event: 96560.747 Executing VM operation: G1CollectFull
Event: 96560.809 Executing VM operation: G1CollectFull done
Event: 96570.929 Executing VM operation: G1CollectFull
Event: 96570.994 Executing VM operation: G1CollectFull done
Event: 96581.113 Executing VM operation: G1CollectFull
Event: 96581.173 Executing VM operation: G1CollectFull done
Event: 96591.285 Executing VM operation: G1CollectFull
Event: 96591.345 Executing VM operation: G1CollectFull done
Event: 96601.462 Executing VM operation: G1CollectFull
Event: 96601.523 Executing VM operation: G1CollectFull done
Event: 96611.643 Executing VM operation: G1CollectFull
Event: 96611.707 Executing VM operation: G1CollectFull done
Event: 96621.818 Executing VM operation: G1CollectFull
Event: 96621.876 Executing VM operation: G1CollectFull done
Event: 96631.981 Executing VM operation: G1CollectFull

Events (20 events):
Event: 80574.832 Thread 0x000001b4c836f8f0 flushing nmethod 0x000001b4c168d710
Event: 80574.832 Thread 0x000001b4c836f8f0 flushing nmethod 0x000001b4c168e510
Event: 80574.832 Thread 0x000001b4c836f8f0 flushing nmethod 0x000001b4c168ec10
Event: 80574.832 Thread 0x000001b4c836f8f0 flushing nmethod 0x000001b4c168f310
Event: 80577.643 Thread 0x000001b4cd201b70 Thread exited: 0x000001b4cd201b70
Event: 80602.729 Thread 0x000001b4d7ea5830 Thread exited: 0x000001b4d7ea5830
Event: 80604.495 Thread 0x000001b4cf2bcc00 Thread added: 0x000001b4cf2bcc00
Event: 80604.498 Thread 0x000001b4cf2bc730 Thread added: 0x000001b4cf2bc730
Event: 80664.522 Thread 0x000001b4cea398c0 Thread exited: 0x000001b4cea398c0
Event: 80664.630 Thread 0x000001b4cf2bc730 Thread exited: 0x000001b4cf2bc730
Event: 80704.869 Thread 0x000001b4cf2bcc00 Thread exited: 0x000001b4cf2bcc00
Event: 80724.633 Thread 0x000001b4cf2bc260 Thread exited: 0x000001b4cf2bc260
Event: 80776.788 Thread 0x000001b4d788c0b0 Thread added: 0x000001b4d788c0b0
Event: 80776.794 Thread 0x000001b4cd284860 Thread added: 0x000001b4cd284860
Event: 80836.837 Thread 0x000001b4d788c0b0 Thread exited: 0x000001b4d788c0b0
Event: 80836.837 Thread 0x000001b4cd284860 Thread exited: 0x000001b4cd284860
Event: 85568.371 Thread 0x000001b4ce5d9c60 Thread added: 0x000001b4ce5d9c60
Event: 85568.382 Thread 0x000001b4cd200830 Thread added: 0x000001b4cd200830
Event: 85628.593 Thread 0x000001b4cd200830 Thread exited: 0x000001b4cd200830
Event: 85628.609 Thread 0x000001b4ce5d9c60 Thread exited: 0x000001b4ce5d9c60


Dynamic libraries:
0x00007ff7b28d0000 - 0x00007ff7b28de000 	c:\Users\ozena\.vscode\extensions\redhat.java-1.18.0-win32-x64\jre\17.0.7-win32-x86_64\bin\java.exe
0x00007ffbbe390000 - 0x00007ffbbe588000 	C:\WINDOWS\SYSTEM32\ntdll.dll
0x00007ffbbc3f0000 - 0x00007ffbbc4af000 	C:\WINDOWS\System32\KERNEL32.DLL
0x00007ffbbbb70000 - 0x00007ffbbbe66000 	C:\WINDOWS\System32\KERNELBASE.dll
0x00007ffbbba70000 - 0x00007ffbbbb70000 	C:\WINDOWS\System32\ucrtbase.dll
0x00007ffbb41c0000 - 0x00007ffbb41d7000 	c:\Users\ozena\.vscode\extensions\redhat.java-1.18.0-win32-x64\jre\17.0.7-win32-x86_64\bin\jli.dll
0x00007ffbbc4b0000 - 0x00007ffbbc64d000 	C:\WINDOWS\System32\USER32.dll
0x00007ffbbc070000 - 0x00007ffbbc092000 	C:\WINDOWS\System32\win32u.dll
0x00007ffbbd020000 - 0x00007ffbbd04c000 	C:\WINDOWS\System32\GDI32.dll
0x00007ffbbc2d0000 - 0x00007ffbbc3e5000 	C:\WINDOWS\System32\gdi32full.dll
0x00007ffbbc0a0000 - 0x00007ffbbc13d000 	C:\WINDOWS\System32\msvcp_win.dll
0x00007ffb98580000 - 0x00007ffb98599000 	c:\Users\ozena\.vscode\extensions\redhat.java-1.18.0-win32-x64\jre\17.0.7-win32-x86_64\bin\VCRUNTIME140.dll
0x00007ffbbaf60000 - 0x00007ffbbb1fa000 	C:\WINDOWS\WinSxS\amd64_microsoft.windows.common-controls_6595b64144ccf1df_6.0.19041.1110_none_60b5254171f9507e\COMCTL32.dll
0x00007ffbbd9e0000 - 0x00007ffbbda7e000 	C:\WINDOWS\System32\msvcrt.dll
0x00007ffbbc720000 - 0x00007ffbbc750000 	C:\WINDOWS\System32\IMM32.DLL
0x00007ffbac200000 - 0x00007ffbac20c000 	c:\Users\ozena\.vscode\extensions\redhat.java-1.18.0-win32-x64\jre\17.0.7-win32-x86_64\bin\vcruntime140_1.dll
0x00007ffb752c0000 - 0x00007ffb75351000 	c:\Users\ozena\.vscode\extensions\redhat.java-1.18.0-win32-x64\jre\17.0.7-win32-x86_64\bin\msvcp140.dll
0x00007ffb5c260000 - 0x00007ffb5cea8000 	c:\Users\ozena\.vscode\extensions\redhat.java-1.18.0-win32-x64\jre\17.0.7-win32-x86_64\bin\server\jvm.dll
0x00007ffbbda80000 - 0x00007ffbbdb2f000 	C:\WINDOWS\System32\ADVAPI32.dll
0x00007ffbbd520000 - 0x00007ffbbd5bc000 	C:\WINDOWS\System32\sechost.dll
0x00007ffbbd050000 - 0x00007ffbbd176000 	C:\WINDOWS\System32\RPCRT4.dll
0x00007ffba31b0000 - 0x00007ffba31b9000 	C:\WINDOWS\SYSTEM32\WSOCK32.dll
0x00007ffbbe140000 - 0x00007ffbbe1ab000 	C:\WINDOWS\System32\WS2_32.dll
0x00007ffbb1a50000 - 0x00007ffbb1a77000 	C:\WINDOWS\SYSTEM32\WINMM.dll
0x00007ffbb94c0000 - 0x00007ffbb94ca000 	C:\WINDOWS\SYSTEM32\VERSION.dll
0x00007ffbb94a0000 - 0x00007ffbb94b2000 	C:\WINDOWS\SYSTEM32\kernel.appcore.dll
0x00007ffbaab80000 - 0x00007ffbaab8a000 	c:\Users\ozena\.vscode\extensions\redhat.java-1.18.0-win32-x64\jre\17.0.7-win32-x86_64\bin\jimage.dll
0x00007ffbbb4a0000 - 0x00007ffbbb684000 	C:\WINDOWS\SYSTEM32\DBGHELP.DLL
0x00007ffbbb3e0000 - 0x00007ffbbb414000 	C:\WINDOWS\SYSTEM32\dbgcore.DLL
0x00007ffbbc190000 - 0x00007ffbbc212000 	C:\WINDOWS\System32\bcryptPrimitives.dll
0x00007ffb82470000 - 0x00007ffb82495000 	c:\Users\ozena\.vscode\extensions\redhat.java-1.18.0-win32-x64\jre\17.0.7-win32-x86_64\bin\java.dll
0x00007ffb94760000 - 0x00007ffb94778000 	c:\Users\ozena\.vscode\extensions\redhat.java-1.18.0-win32-x64\jre\17.0.7-win32-x86_64\bin\zip.dll
0x00007ffbbc8d0000 - 0x00007ffbbd014000 	C:\WINDOWS\System32\SHELL32.dll
0x00007ffbb8ce0000 - 0x00007ffbb9473000 	C:\WINDOWS\SYSTEM32\windows.storage.dll
0x00007ffbbd5c0000 - 0x00007ffbbd914000 	C:\WINDOWS\System32\combase.dll
0x00007ffbbac90000 - 0x00007ffbbacbe000 	C:\WINDOWS\SYSTEM32\Wldp.dll
0x00007ffbbc750000 - 0x00007ffbbc7fd000 	C:\WINDOWS\System32\SHCORE.dll
0x00007ffbbe1b0000 - 0x00007ffbbe205000 	C:\WINDOWS\System32\shlwapi.dll
0x00007ffbbb9b0000 - 0x00007ffbbb9cf000 	C:\WINDOWS\SYSTEM32\profapi.dll
0x00007ffb924e0000 - 0x00007ffb924f9000 	C:\Users\ozena\.vscode\extensions\redhat.java-1.18.0-win32-x64\jre\17.0.7-win32-x86_64\bin\net.dll
0x00007ffbaf760000 - 0x00007ffbaf86a000 	C:\WINDOWS\SYSTEM32\WINHTTP.dll
0x00007ffbbab00000 - 0x00007ffbbab6a000 	C:\WINDOWS\system32\mswsock.dll
0x00007ffb84530000 - 0x00007ffb84545000 	C:\Users\ozena\.vscode\extensions\redhat.java-1.18.0-win32-x64\jre\17.0.7-win32-x86_64\bin\nio.dll
0x00007ffbbb800000 - 0x00007ffbbb818000 	C:\WINDOWS\SYSTEM32\CRYPTSP.dll
0x00007ffbba4b0000 - 0x00007ffbba4e4000 	C:\WINDOWS\system32\rsaenh.dll
0x00007ffbbc040000 - 0x00007ffbbc067000 	C:\WINDOWS\System32\bcrypt.dll
0x00007ffbbb930000 - 0x00007ffbbb95e000 	C:\WINDOWS\SYSTEM32\USERENV.dll
0x00007ffbbad50000 - 0x00007ffbbad5c000 	C:\WINDOWS\SYSTEM32\CRYPTBASE.dll
0x00007ffbba820000 - 0x00007ffbba85c000 	C:\WINDOWS\SYSTEM32\IPHLPAPI.DLL
0x00007ffbbd180000 - 0x00007ffbbd188000 	C:\WINDOWS\System32\NSI.dll
0x00007ffbb28e0000 - 0x00007ffbb28f7000 	C:\WINDOWS\SYSTEM32\dhcpcsvc6.DLL
0x00007ffbb28a0000 - 0x00007ffbb28bd000 	C:\WINDOWS\SYSTEM32\dhcpcsvc.DLL
0x00007ffbba860000 - 0x00007ffbba92b000 	C:\WINDOWS\SYSTEM32\DNSAPI.dll
0x00007ffb92430000 - 0x00007ffb92439000 	C:\Users\ozena\.vscode\extensions\redhat.java-1.18.0-win32-x64\jre\17.0.7-win32-x86_64\bin\management.dll
0x00007ffb8ea60000 - 0x00007ffb8ea6b000 	C:\Users\ozena\.vscode\extensions\redhat.java-1.18.0-win32-x64\jre\17.0.7-win32-x86_64\bin\management_ext.dll
0x00007ffbbd510000 - 0x00007ffbbd518000 	C:\WINDOWS\System32\PSAPI.DLL
0x00007ffba9fe0000 - 0x00007ffba9fee000 	C:\Users\ozena\.vscode\extensions\redhat.java-1.18.0-win32-x64\jre\17.0.7-win32-x86_64\bin\sunmscapi.dll
0x00007ffbbbee0000 - 0x00007ffbbc03e000 	C:\WINDOWS\System32\CRYPT32.dll
0x00007ffbbae40000 - 0x00007ffbbae68000 	C:\WINDOWS\SYSTEM32\ncrypt.dll
0x00007ffbbae00000 - 0x00007ffbbae3b000 	C:\WINDOWS\SYSTEM32\NTASN1.dll
0x00007ffbb2b50000 - 0x00007ffbb2b5a000 	C:\Windows\System32\rasadhlp.dll
0x00007ffbaea40000 - 0x00007ffbaeac2000 	C:\WINDOWS\System32\fwpuclnt.dll
0x00007ffbaa950000 - 0x00007ffbaa960000 	c:\Users\ozena\.vscode\extensions\redhat.java-1.18.0-win32-x64\jre\17.0.7-win32-x86_64\bin\verify.dll
0x000000006c500000 - 0x000000006c5c7000 	C:\Users\ozena\AppData\Local\Temp\snappy-1.1.8-1a8eea1c-cd36-45aa-af79-e34428ebfd20-snappyjava.dll

dbghelp: loaded successfully - version: 4.0.5 - missing functions: none
symbol engine: initialized successfully - sym options: 0x614 - pdb path: .;c:\Users\ozena\.vscode\extensions\redhat.java-1.18.0-win32-x64\jre\17.0.7-win32-x86_64\bin;C:\WINDOWS\SYSTEM32;C:\WINDOWS\WinSxS\amd64_microsoft.windows.common-controls_6595b64144ccf1df_6.0.19041.1110_none_60b5254171f9507e;c:\Users\ozena\.vscode\extensions\redhat.java-1.18.0-win32-x64\jre\17.0.7-win32-x86_64\bin\server;C:\Users\ozena\AppData\Local\Temp

VM Arguments:
jvm_args: -XX:+HeapDumpOnOutOfMemoryError -Xmx1024m -Dsts.lsp.client=vscode -Dsts.log.file=/dev/null -XX:TieredStopAtLevel=1 -Xlog:jni+resolve=off -Dspring.config.location=file:c:\Users\ozena\.vscode\extensions\vmware.vscode-spring-boot-1.46.0\language-server\BOOT-INF\classes\application.properties 
java_command: org.springframework.ide.vscode.boot.app.BootLanguageServerBootApp
java_class_path (initial): c:\Users\ozena\.vscode\extensions\vmware.vscode-spring-boot-1.46.0\language-server\BOOT-INF\classes;c:\Users\ozena\.vscode\extensions\vmware.vscode-spring-boot-1.46.0\language-server\BOOT-INF\lib\annotations-24.0.1.jar;c:\Users\ozena\.vscode\extensions\vmware.vscode-spring-boot-1.46.0\language-server\BOOT-INF\lib\antlr-runtime-3.5.3.jar;c:\Users\ozena\.vscode\extensions\vmware.vscode-spring-boot-1.46.0\language-server\BOOT-INF\lib\antlr4-4.11.1.jar;c:\Users\ozena\.vscode\extensions\vmware.vscode-spring-boot-1.46.0\language-server\BOOT-INF\lib\antlr4-runtime-4.11.1.jar;c:\Users\ozena\.vscode\extensions\vmware.vscode-spring-boot-1.46.0\language-server\BOOT-INF\lib\asm-9.5.jar;c:\Users\ozena\.vscode\extensions\vmware.vscode-spring-boot-1.46.0\language-server\BOOT-INF\lib\asm-analysis-9.5.jar;c:\Users\ozena\.vscode\extensions\vmware.vscode-spring-boot-1.46.0\language-server\BOOT-INF\lib\asm-tree-9.5.jar;c:\Users\ozena\.vscode\extensions\vmware.vscode-spring-boot-1.46.0\language-server\BOOT-INF\lib\asm-util-9.5.jar;c:\Users\ozena\.vscode\extensions\vmware.vscode-spring-boot-1.46.0\language-server\BOOT-INF\lib\caffeine-3.1.2.jar;c:\Users\ozena\.vscode\extensions\vmware.vscode-spring-boot-1.46.0\language-server\BOOT-INF\lib\checker-qual-3.12.0.jar;c:\Users\ozena\.vscode\extensions\vmware.vscode-spring-boot-1.46.0\language-server\BOOT-INF\lib\classgraph-4.8.149.jar;c:\Users\ozena\.vscode\extensions\vmware.vscode-spring-boot-1.46.0\language-server\BOOT-INF\lib\commons-codec-1.15.jar;c:\Users\ozena\.vscode\extensions\vmware.vscode-spring-boot-1.46.0\language-server\BOOT-INF\lib\commons-compress-1.23.0.jar;c:\Users\ozena\.vscode\extensions\vmware.vscode-spring-boot-1.46.0\language-server\BOOT-INF\lib\commons-io-2.4.jar;c:\Users\ozena\.vscode\extensions\vmware.vscode-spring-boot-1.46.0\language-server\BOOT-INF\lib\commons-java-1.46.0-SNAPSHOT.jar;c:\Users\ozena\.vscode\extensions\vmware.vscode-spring-boot-1.46.0\language-server\BOOT-INF\lib\commons-
Launcher Type: SUN_STANDARD

[Global flags]
     intx CICompilerCount                          = 4                                         {product} {ergonomic}
     uint ConcGCThreads                            = 3                                         {product} {ergonomic}
     uint G1ConcRefinementThreads                  = 10                                        {product} {ergonomic}
   size_t G1HeapRegionSize                         = 1048576                                   {product} {ergonomic}
    uintx GCDrainStackTargetSize                   = 64                                        {product} {ergonomic}
     bool HeapDumpOnOutOfMemoryError               = true                                   {manageable} {command line}
   size_t InitialHeapSize                          = 232783872                                 {product} {ergonomic}
   size_t MarkStackSize                            = 4194304                                   {product} {ergonomic}
   size_t MaxHeapSize                              = 1073741824                                {product} {command line}
   size_t MaxNewSize                               = 643825664                                 {product} {ergonomic}
   size_t MinHeapDeltaBytes                        = 1048576                                   {product} {ergonomic}
   size_t MinHeapSize                              = 8388608                                   {product} {ergonomic}
    uintx NonProfiledCodeHeapSize                  = 0                                      {pd product} {ergonomic}
     bool ProfileInterpreter                       = false                                  {pd product} {command line}
    uintx ProfiledCodeHeapSize                     = 0                                      {pd product} {ergonomic}
   size_t SoftMaxHeapSize                          = 1073741824                             {manageable} {ergonomic}
     intx TieredStopAtLevel                        = 1                                         {product} {command line}
     bool UseCompressedClassPointers               = true                           {product lp64_product} {ergonomic}
     bool UseCompressedOops                        = true                           {product lp64_product} {ergonomic}
     bool UseG1GC                                  = true                                      {product} {ergonomic}
     bool UseLargePagesIndividualAllocation        = false                                  {pd product} {ergonomic}

Logging:
Log output configuration:
 #0: stdout all=warning,jni+resolve=off uptime,level,tags
 #1: stderr all=off uptime,level,tags

Environment Variables:
JAVA_HOME=D:\Java
PATH=C:\Program Files\Common Files\Oracle\Java\javapath;C:\Python311\Scripts\;C:\Python311\;C:\WINDOWS\system32;C:\WINDOWS;C:\WINDOWS\System32\Wbem;C:\WINDOWS\System32\WindowsPowerShell\v1.0\;C:\WINDOWS\System32\OpenSSH\;C:\Program Files\NVIDIA Corporation\NVIDIA NvDLISR;C:\Program Files (x86)\NVIDIA Corporation\PhysX\Common;C:\Program Files\dotnet\;D:\Node.js\;C:\ProgramData\chocolatey\bin;D:\Git\cmd;C:\Users\ozena\AppData\Local\Microsoft\WindowsApps;D:\Microsoft VS Code\bin;C:\Users\ozena\AppData\Roaming\npm;C:\Users\ozena\AppData\Local\GitHubDesktop\bin;C:\Users\ozena\OneDrive\Belgeler\GitHub\apache-maven-3.9.1\bin;
USERNAME=ozena
OS=Windows_NT
PROCESSOR_IDENTIFIER=AMD64 Family 25 Model 80 Stepping 0, AuthenticAMD
TMP=C:\Users\ozena\AppData\Local\Temp
TEMP=C:\Users\ozena\AppData\Local\Temp



---------------  S Y S T E M  ---------------

OS:
 Windows 10 , 64 bit Build 19041 (10.0.19041.2913)
OS uptime: 2 days 13:21 hours

CPU: total 12 (initial active 12) (12 cores per cpu, 2 threads per core) family 25 model 80 stepping 0 microcode 0x0, cx8, cmov, fxsr, ht, mmx, 3dnowpref, sse, sse2, sse3, ssse3, sse4a, sse4.1, sse4.2, popcnt, lzcnt, tsc, tscinvbit, avx, avx2, aes, erms, clmul, bmi1, bmi2, adx, sha, fma, vzeroupper, clflush, clflushopt

Memory: 4k page, system-wide physical 14188M (4362M free)
TotalPageFile size 44619M (AvailPageFile size 13M)
current process WorkingSet (physical memory assigned to process): 183M, peak: 1196M
current process commit charge ("private bytes"): 513M, peak: 1186M

vm_info: OpenJDK 64-Bit Server VM (17.0.7+7) for windows-amd64 JRE (17.0.7+7), built on Apr 18 2023 22:10:42 by "temurin" with MS VC++ 16.7 (VS2019)

END.
