#
# There is insufficient memory for the Java Runtime Environment to continue.
# Native memory allocation (malloc) failed to allocate 358496 bytes for Chunk::new
# Possible reasons:
#   The system is out of physical RAM or swap space
#   The process is running with CompressedOops enabled, and the Java Heap may be blocking the growth of the native heap
# Possible solutions:
#   Reduce memory load on the system
#   Increase physical memory or swap space
#   Check if swap backing store is full
#   Decrease Java heap size (-Xmx/-Xms)
#   Decrease number of Java threads
#   Decrease Java thread stack sizes (-Xss)
#   Set larger code cache with -XX:ReservedCodeCacheSize=
#   JVM is running with Unscaled Compressed Oops mode in which the Java heap is
#     placed in the first 4GB address space. The Java Heap base address is the
#     maximum limit for the native heap growth. Please use -XX:HeapBaseMinAddress
#     to set the Java Heap base and to place the Java Heap above 4GB virtual address.
# This output file may be truncated or incomplete.
#
#  Out of Memory Error (arena.cpp:189), pid=7436, tid=9764
#
# JRE version: OpenJDK Runtime Environment Temurin-17.0.7+7 (17.0.7+7) (build 17.0.7+7)
# Java VM: OpenJDK 64-Bit Server VM Temurin-17.0.7+7 (17.0.7+7, mixed mode, tiered, compressed oops, compressed class ptrs, parallel gc, windows-amd64)
# No core dump will be written. Minidumps are not enabled by default on client versions of Windows
#

---------------  S U M M A R Y ------------

Command Line: --add-modules=ALL-SYSTEM --add-opens=java.base/java.util=ALL-UNNAMED --add-opens=java.base/java.lang=ALL-UNNAMED --add-opens=java.base/sun.nio.fs=ALL-UNNAMED -Declipse.application=org.eclipse.jdt.ls.core.id1 -Dosgi.bundles.defaultStartLevel=4 -Declipse.product=org.eclipse.jdt.ls.core.product -Djava.import.generatesMetadataFilesAtProjectRoot=false -Dfile.encoding=utf8 -XX:+UseParallelGC -XX:GCTimeRatio=4 -XX:AdaptiveSizePolicyWeight=90 -Dsun.zip.disableMemoryMapping=true -Xmx1G -Xms100m -Xlog:disable -javaagent:c:\Users\ozena\.vscode\extensions\redhat.java-1.18.0-win32-x64\lombok\lombok-1.18.27.jar c:\Users\ozena\.vscode\extensions\redhat.java-1.18.0-win32-x64\server\plugins\org.eclipse.equinox.launcher_1.6.400.v20210924-0641.jar -configuration c:\Users\ozena\AppData\Roaming\Code\User\globalStorage\redhat.java\1.18.0\config_ss_win -data c:\Users\ozena\AppData\Roaming\Code\User\workspaceStorage\f57675392b575e347e17749111ffbb61\redhat.java\ss_ws

Host: AMD Ryzen 5 5600H with Radeon Graphics         , 12 cores, 13G,  Windows 10 , 64 bit Build 19041 (10.0.19041.2913)
Time: Sun May 21 21:34:28 2023 Türkiye Standart Saati elapsed time: 1.779479 seconds (0d 0h 0m 1s)

---------------  T H R E A D  ---------------

Current thread (0x000001a772709800):  JavaThread "C2 CompilerThread0" daemon [_thread_in_native, id=9764, stack(0x00000037ad000000,0x00000037ad100000)]


Current CompileTask:
C2:   1779 2301       4       lombok.patcher.PatchScript$MethodPatcher::visitMethod (158 bytes)

Stack: [0x00000037ad000000,0x00000037ad100000]
Native frames: (J=compiled Java code, j=interpreted, Vv=VM code, C=native code)
V  [jvm.dll+0x67754a]
V  [jvm.dll+0x834304]
V  [jvm.dll+0x835aae]
V  [jvm.dll+0x836113]
V  [jvm.dll+0x24696f]
V  [jvm.dll+0xac0ac]
V  [jvm.dll+0xac67c]
V  [jvm.dll+0x2adbef]
V  [jvm.dll+0x580067]
V  [jvm.dll+0x221e72]
V  [jvm.dll+0x21b152]
V  [jvm.dll+0x21895b]
V  [jvm.dll+0x1a4d8d]
V  [jvm.dll+0x2284da]
V  [jvm.dll+0x226615]
V  [jvm.dll+0x7ea90b]
V  [jvm.dll+0x7e4e7a]
V  [jvm.dll+0x676395]
C  [ucrtbase.dll+0x21bb2]
C  [KERNEL32.DLL+0x17614]
C  [ntdll.dll+0x526a1]


---------------  P R O C E S S  ---------------

Threads class SMR info:
_java_thread_list=0x000001a7748d8bf0, length=22, elements={
0x000001a759524670, 0x000001a76d3a3750, 0x000001a76d3a6af0, 0x000001a76d3abf20,
0x000001a76d3ad4b0, 0x000001a76d3ae440, 0x000001a772704bf0, 0x000001a772709800,
0x000001a77270ab20, 0x000001a772714400, 0x000001a772834c10, 0x000001a7728da400,
0x000001a772a6eab0, 0x000001a773f0dd00, 0x000001a7745c4520, 0x000001a77476e300,
0x000001a77433bcc0, 0x000001a774600590, 0x000001a7747ce5d0, 0x000001a77493cca0,
0x000001a774aaf7f0, 0x000001a774abd660
}

Java Threads: ( => current thread )
  0x000001a759524670 JavaThread "main" [_thread_blocked, id=22972, stack(0x00000037ac700000,0x00000037ac800000)]
  0x000001a76d3a3750 JavaThread "Reference Handler" daemon [_thread_blocked, id=8472, stack(0x00000037aca00000,0x00000037acb00000)]
  0x000001a76d3a6af0 JavaThread "Finalizer" daemon [_thread_blocked, id=8568, stack(0x00000037acb00000,0x00000037acc00000)]
  0x000001a76d3abf20 JavaThread "Signal Dispatcher" daemon [_thread_blocked, id=4588, stack(0x00000037acc00000,0x00000037acd00000)]
  0x000001a76d3ad4b0 JavaThread "Attach Listener" daemon [_thread_blocked, id=22992, stack(0x00000037acd00000,0x00000037ace00000)]
  0x000001a76d3ae440 JavaThread "Service Thread" daemon [_thread_blocked, id=6248, stack(0x00000037ace00000,0x00000037acf00000)]
  0x000001a772704bf0 JavaThread "Monitor Deflation Thread" daemon [_thread_blocked, id=9036, stack(0x00000037acf00000,0x00000037ad000000)]
=>0x000001a772709800 JavaThread "C2 CompilerThread0" daemon [_thread_in_native, id=9764, stack(0x00000037ad000000,0x00000037ad100000)]
  0x000001a77270ab20 JavaThread "C1 CompilerThread0" daemon [_thread_blocked, id=16640, stack(0x00000037ad100000,0x00000037ad200000)]
  0x000001a772714400 JavaThread "Sweeper thread" daemon [_thread_blocked, id=23044, stack(0x00000037ad200000,0x00000037ad300000)]
  0x000001a772834c10 JavaThread "Common-Cleaner" daemon [_thread_blocked, id=10548, stack(0x00000037ad300000,0x00000037ad400000)]
  0x000001a7728da400 JavaThread "C2 CompilerThread1" daemon [_thread_blocked, id=12216, stack(0x00000037ad400000,0x00000037ad500000)]
  0x000001a772a6eab0 JavaThread "Notification Thread" daemon [_thread_blocked, id=1924, stack(0x00000037ad500000,0x00000037ad600000)]
  0x000001a773f0dd00 JavaThread "C2 CompilerThread2" daemon [_thread_in_native, id=19224, stack(0x00000037ad700000,0x00000037ad800000)]
  0x000001a7745c4520 JavaThread "Active Thread: Equinox Container: af6cd6af-f5a1-4eed-92f4-36381f983638" [_thread_blocked, id=17324, stack(0x00000037ade00000,0x00000037adf00000)]
  0x000001a77476e300 JavaThread "Framework Event Dispatcher: Equinox Container: af6cd6af-f5a1-4eed-92f4-36381f983638" daemon [_thread_blocked, id=11212, stack(0x00000037adf00000,0x00000037ae000000)]
  0x000001a77433bcc0 JavaThread "Start Level: Equinox Container: af6cd6af-f5a1-4eed-92f4-36381f983638" daemon [_thread_in_native, id=20740, stack(0x00000037ae000000,0x00000037ae100000)]
  0x000001a774600590 JavaThread "SCR Component Actor" daemon [_thread_blocked, id=10952, stack(0x00000037ae100000,0x00000037ae200000)]
  0x000001a7747ce5d0 JavaThread "SCR Component Registry" daemon [_thread_blocked, id=10164, stack(0x00000037ae300000,0x00000037ae400000)]
  0x000001a77493cca0 JavaThread "Worker-JM" [_thread_blocked, id=9200, stack(0x00000037ae400000,0x00000037ae500000)]
  0x000001a774aaf7f0 JavaThread "Worker-0" [_thread_blocked, id=12120, stack(0x00000037ae700000,0x00000037ae800000)]
  0x000001a774abd660 JavaThread "Worker-1" [_thread_blocked, id=6172, stack(0x00000037ae800000,0x00000037ae900000)]

Other Threads:
  0x000001a7726d1fd0 VMThread "VM Thread" [stack: 0x00000037ac900000,0x00000037aca00000] [id=13832]
  0x000001a772a2c7a0 WatcherThread [stack: 0x00000037ad600000,0x00000037ad700000] [id=21576]
  0x000001a759538cd0 GCTaskThread "GC Thread#0" [stack: 0x00000037ac800000,0x00000037ac900000] [id=584]
  0x000001a774630820 GCTaskThread "GC Thread#1" [stack: 0x00000037ad800000,0x00000037ad900000] [id=11956]
  0x000001a7746545a0 GCTaskThread "GC Thread#2" [stack: 0x00000037ad900000,0x00000037ada00000] [id=18184]
  0x000001a773fbc800 GCTaskThread "GC Thread#3" [stack: 0x00000037ada00000,0x00000037adb00000] [id=7460]
  0x000001a773fbcab0 GCTaskThread "GC Thread#4" [stack: 0x00000037adb00000,0x00000037adc00000] [id=8408]
  0x000001a77468c830 GCTaskThread "GC Thread#5" [stack: 0x00000037adc00000,0x00000037add00000] [id=19512]
  0x000001a77468cae0 GCTaskThread "GC Thread#6" [stack: 0x00000037add00000,0x00000037ade00000] [id=11380]
  0x000001a757304830 GCTaskThread "GC Thread#7" [stack: 0x00000037ae200000,0x00000037ae300000] [id=10464]
  0x000001a77495a7e0 GCTaskThread "GC Thread#8" [stack: 0x00000037ae500000,0x00000037ae600000] [id=11044]
  0x000001a7748ff420 GCTaskThread "GC Thread#9" [stack: 0x00000037ae600000,0x00000037ae700000] [id=484]

Threads with active compile tasks:
C2 CompilerThread0     1793 2301       4       lombok.patcher.PatchScript$MethodPatcher::visitMethod (158 bytes)
C2 CompilerThread2     1793 2292       4       org.objectweb.asm.ClassReader::readMethod (1066 bytes)

VM state: not at safepoint (normal execution)

VM Mutex/Monitor currently owned by a thread: None

Heap address: 0x00000000c0000000, size: 1024 MB, Compressed Oops mode: 32-bit

CDS archive(s) not mapped
Compressed class space mapped at: 0x0000000100000000-0x0000000140000000, reserved size: 1073741824
Narrow klass base: 0x0000000000000000, Narrow klass shift: 3, Narrow klass range: 0x140000000

GC Precious Log:
 CPUs: 12 total, 12 available
 Memory: 14188M
 Large Page Support: Disabled
 NUMA Support: Disabled
 Compressed Oops: Enabled (32-bit)
 Alignments: Space 512K, Generation 512K, Heap 2M
 Heap Min Capacity: 100M
 Heap Initial Capacity: 100M
 Heap Max Capacity: 1G
 Pre-touch: Disabled
 Parallel Workers: 10

Heap:
 PSYoungGen      total 26112K, used 22751K [0x00000000eab00000, 0x00000000ec880000, 0x0000000100000000)
  eden space 25088K, 87% used [0x00000000eab00000,0x00000000ec07e0a8,0x00000000ec380000)
  from space 1024K, 72% used [0x00000000ec400000,0x00000000ec4b9bf0,0x00000000ec500000)
  to   space 2560K, 0% used [0x00000000ec600000,0x00000000ec600000,0x00000000ec880000)
 ParOldGen       total 68608K, used 6942K [0x00000000c0000000, 0x00000000c4300000, 0x00000000eab00000)
  object space 68608K, 10% used [0x00000000c0000000,0x00000000c06c7b58,0x00000000c4300000)
 Metaspace       used 26792K, committed 27136K, reserved 1114112K
  class space    used 2576K, committed 2688K, reserved 1048576K

Card table byte_map: [0x000001a758ed0000,0x000001a7590e0000] _byte_map_base: 0x000001a7588d0000

Marking Bits: (ParMarkBitMap*) 0x00007ffb77a352c0
 Begin Bits: [0x000001a76b1b0000, 0x000001a76c1b0000)
 End Bits:   [0x000001a76c1b0000, 0x000001a76d1b0000)

Polling page: 0x000001a757470000

Metaspace:

Usage:
  Non-class:     23.65 MB used.
      Class:      2.52 MB used.
       Both:     26.16 MB used.

Virtual space:
  Non-class space:       64.00 MB reserved,      23.88 MB ( 37%) committed,  1 nodes.
      Class space:        1.00 GB reserved,       2.62 MB ( <1%) committed,  1 nodes.
             Both:        1.06 GB reserved,      26.50 MB (  2%) committed. 

Chunk freelists:
   Non-Class:  7.88 MB
       Class:  13.38 MB
        Both:  21.26 MB

MaxMetaspaceSize: unlimited
CompressedClassSpaceSize: 1.00 GB
Initial GC threshold: 21.00 MB
Current GC threshold: 35.00 MB
CDS: off
MetaspaceReclaimPolicy: balanced
 - commit_granule_bytes: 65536.
 - commit_granule_words: 8192.
 - virtual_space_node_default_size: 8388608.
 - enlarge_chunks_in_place: 1.
 - new_chunks_are_fully_committed: 0.
 - uncommit_free_chunks: 1.
 - use_allocation_guard: 0.
 - handle_deallocations: 1.


Internal statistics:

num_allocs_failed_limit: 3.
num_arena_births: 198.
num_arena_deaths: 14.
num_vsnodes_births: 2.
num_vsnodes_deaths: 0.
num_space_committed: 424.
num_space_uncommitted: 0.
num_chunks_returned_to_freelist: 17.
num_chunks_taken_from_freelist: 895.
num_chunk_merges: 7.
num_chunk_splits: 600.
num_chunks_enlarged: 431.
num_inconsistent_stats: 0.

CodeHeap 'non-profiled nmethods': size=120000Kb used=894Kb max_used=894Kb free=119105Kb
 bounds [0x000001a763c80000, 0x000001a763ef0000, 0x000001a76b1b0000]
CodeHeap 'profiled nmethods': size=120000Kb used=4631Kb max_used=4631Kb free=115368Kb
 bounds [0x000001a75c1b0000, 0x000001a75c640000, 0x000001a7636e0000]
CodeHeap 'non-nmethods': size=5760Kb used=1226Kb max_used=1253Kb free=4533Kb
 bounds [0x000001a7636e0000, 0x000001a763950000, 0x000001a763c80000]
 total_blobs=2869 nmethods=2330 adapters=453
 compilation: enabled
              stopped_count=0, restarted_count=0
 full_count=0

Compilation events (20 events):
Event: 1.762 Thread 0x000001a77270ab20 2303 %     3       org.objectweb.asm.ClassReader::<init> @ 110 (371 bytes)
Event: 1.763 Thread 0x000001a77270ab20 nmethod 2303% 0x000001a75c61e690 code [0x000001a75c61e980, 0x000001a75c61fcd8]
Event: 1.764 Thread 0x000001a77270ab20 2304 %     3       org.objectweb.asm.SymbolTable::<init> @ 98 (536 bytes)
Event: 1.766 Thread 0x000001a77270ab20 nmethod 2304% 0x000001a75c620290 code [0x000001a75c620840, 0x000001a75c623448]
Event: 1.766 Thread 0x000001a77270ab20 2307       3       java.util.Arrays::fill (21 bytes)
Event: 1.766 Thread 0x000001a77270ab20 nmethod 2307 0x000001a75c624610 code [0x000001a75c6247a0, 0x000001a75c624958]
Event: 1.766 Thread 0x000001a77270ab20 2305       3       org.objectweb.asm.ByteVector::putUTF8 (144 bytes)
Event: 1.767 Thread 0x000001a77270ab20 nmethod 2305 0x000001a75c624a90 code [0x000001a75c624d00, 0x000001a75c625808]
Event: 1.767 Thread 0x000001a77270ab20 2306       3       org.objectweb.asm.MethodVisitor::visitJumpInsn (17 bytes)
Event: 1.767 Thread 0x000001a77270ab20 nmethod 2306 0x000001a75c625d10 code [0x000001a75c625ec0, 0x000001a75c6260c8]
Event: 1.767 Thread 0x000001a77270ab20 2308       3       org.objectweb.asm.MethodWriter::visitMethodInsn (191 bytes)
Event: 1.767 Thread 0x000001a77270ab20 nmethod 2308 0x000001a75c626190 code [0x000001a75c6263c0, 0x000001a75c626bc8]
Event: 1.767 Thread 0x000001a77270ab20 2309       3       org.objectweb.asm.SymbolTable::addConstantMethodref (24 bytes)
Event: 1.767 Thread 0x000001a77270ab20 nmethod 2309 0x000001a75c626f10 code [0x000001a75c6270c0, 0x000001a75c627268]
Event: 1.768 Thread 0x000001a7728da400 2310       4       java.util.zip.ZipFile::ensureOpen (40 bytes)
Event: 1.768 Thread 0x000001a7728da400 nmethod 2310 0x000001a763d5d190 code [0x000001a763d5d300, 0x000001a763d5d3b8]
Event: 1.773 Thread 0x000001a7728da400 2311   !   4       org.eclipse.osgi.internal.loader.BundleLoader::getModuleClassLoader (196 bytes)
Event: 1.774 Thread 0x000001a77270ab20 2312       3       org.eclipse.core.internal.registry.Handle::<init> (15 bytes)
Event: 1.774 Thread 0x000001a77270ab20 nmethod 2312 0x000001a75c627310 code [0x000001a75c6274a0, 0x000001a75c627618]
Event: 1.777 Thread 0x000001a7728da400 nmethod 2311 0x000001a763d5d490 code [0x000001a763d5d640, 0x000001a763d5dbb8]

GC Heap History (12 events):
Event: 0.492 GC heap before
{Heap before GC invocations=1 (full 0):
 PSYoungGen      total 29696K, used 25600K [0x00000000eab00000, 0x00000000ecc00000, 0x0000000100000000)
  eden space 25600K, 100% used [0x00000000eab00000,0x00000000ec400000,0x00000000ec400000)
  from space 4096K, 0% used [0x00000000ec800000,0x00000000ec800000,0x00000000ecc00000)
  to   space 4096K, 0% used [0x00000000ec400000,0x00000000ec400000,0x00000000ec800000)
 ParOldGen       total 68608K, used 0K [0x00000000c0000000, 0x00000000c4300000, 0x00000000eab00000)
  object space 68608K, 0% used [0x00000000c0000000,0x00000000c0000000,0x00000000c4300000)
 Metaspace       used 11157K, committed 11328K, reserved 1114112K
  class space    used 1121K, committed 1216K, reserved 1048576K
}
Event: 0.497 GC heap after
{Heap after GC invocations=1 (full 0):
 PSYoungGen      total 29696K, used 3192K [0x00000000eab00000, 0x00000000ecc00000, 0x0000000100000000)
  eden space 25600K, 0% used [0x00000000eab00000,0x00000000eab00000,0x00000000ec400000)
  from space 4096K, 77% used [0x00000000ec400000,0x00000000ec71e3b8,0x00000000ec800000)
  to   space 4096K, 0% used [0x00000000ec800000,0x00000000ec800000,0x00000000ecc00000)
 ParOldGen       total 68608K, used 16K [0x00000000c0000000, 0x00000000c4300000, 0x00000000eab00000)
  object space 68608K, 0% used [0x00000000c0000000,0x00000000c0004000,0x00000000c4300000)
 Metaspace       used 11157K, committed 11328K, reserved 1114112K
  class space    used 1121K, committed 1216K, reserved 1048576K
}
Event: 0.903 GC heap before
{Heap before GC invocations=2 (full 0):
 PSYoungGen      total 29696K, used 28792K [0x00000000eab00000, 0x00000000ecc00000, 0x0000000100000000)
  eden space 25600K, 100% used [0x00000000eab00000,0x00000000ec400000,0x00000000ec400000)
  from space 4096K, 77% used [0x00000000ec400000,0x00000000ec71e3b8,0x00000000ec800000)
  to   space 4096K, 0% used [0x00000000ec800000,0x00000000ec800000,0x00000000ecc00000)
 ParOldGen       total 68608K, used 16K [0x00000000c0000000, 0x00000000c4300000, 0x00000000eab00000)
  object space 68608K, 0% used [0x00000000c0000000,0x00000000c0004000,0x00000000c4300000)
 Metaspace       used 15432K, committed 15744K, reserved 1114112K
  class space    used 1580K, committed 1728K, reserved 1048576K
}
Event: 0.908 GC heap after
{Heap after GC invocations=2 (full 0):
 PSYoungGen      total 29696K, used 4078K [0x00000000eab00000, 0x00000000ecc00000, 0x0000000100000000)
  eden space 25600K, 0% used [0x00000000eab00000,0x00000000eab00000,0x00000000ec400000)
  from space 4096K, 99% used [0x00000000ec800000,0x00000000ecbfb8a8,0x00000000ecc00000)
  to   space 4096K, 0% used [0x00000000ec400000,0x00000000ec400000,0x00000000ec800000)
 ParOldGen       total 68608K, used 761K [0x00000000c0000000, 0x00000000c4300000, 0x00000000eab00000)
  object space 68608K, 1% used [0x00000000c0000000,0x00000000c00be5a0,0x00000000c4300000)
 Metaspace       used 15432K, committed 15744K, reserved 1114112K
  class space    used 1580K, committed 1728K, reserved 1048576K
}
Event: 1.391 GC heap before
{Heap before GC invocations=3 (full 0):
 PSYoungGen      total 29696K, used 29678K [0x00000000eab00000, 0x00000000ecc00000, 0x0000000100000000)
  eden space 25600K, 100% used [0x00000000eab00000,0x00000000ec400000,0x00000000ec400000)
  from space 4096K, 99% used [0x00000000ec800000,0x00000000ecbfb8a8,0x00000000ecc00000)
  to   space 4096K, 0% used [0x00000000ec400000,0x00000000ec400000,0x00000000ec800000)
 ParOldGen       total 68608K, used 761K [0x00000000c0000000, 0x00000000c4300000, 0x00000000eab00000)
  object space 68608K, 1% used [0x00000000c0000000,0x00000000c00be5a0,0x00000000c4300000)
 Metaspace       used 20528K, committed 20928K, reserved 1114112K
  class space    used 2092K, committed 2240K, reserved 1048576K
}
Event: 1.395 GC heap after
{Heap after GC invocations=3 (full 0):
 PSYoungGen      total 29696K, used 4081K [0x00000000eab00000, 0x00000000ecc00000, 0x0000000100000000)
  eden space 25600K, 0% used [0x00000000eab00000,0x00000000eab00000,0x00000000ec400000)
  from space 4096K, 99% used [0x00000000ec400000,0x00000000ec7fc7d8,0x00000000ec800000)
  to   space 4096K, 0% used [0x00000000ec800000,0x00000000ec800000,0x00000000ecc00000)
 ParOldGen       total 68608K, used 2839K [0x00000000c0000000, 0x00000000c4300000, 0x00000000eab00000)
  object space 68608K, 4% used [0x00000000c0000000,0x00000000c02c5d10,0x00000000c4300000)
 Metaspace       used 20528K, committed 20928K, reserved 1114112K
  class space    used 2092K, committed 2240K, reserved 1048576K
}
Event: 1.488 GC heap before
{Heap before GC invocations=4 (full 0):
 PSYoungGen      total 29696K, used 8360K [0x00000000eab00000, 0x00000000ecc00000, 0x0000000100000000)
  eden space 25600K, 16% used [0x00000000eab00000,0x00000000eaf2da00,0x00000000ec400000)
  from space 4096K, 99% used [0x00000000ec400000,0x00000000ec7fc7d8,0x00000000ec800000)
  to   space 4096K, 0% used [0x00000000ec800000,0x00000000ec800000,0x00000000ecc00000)
 ParOldGen       total 68608K, used 2839K [0x00000000c0000000, 0x00000000c4300000, 0x00000000eab00000)
  object space 68608K, 4% used [0x00000000c0000000,0x00000000c02c5d10,0x00000000c4300000)
 Metaspace       used 21147K, committed 21504K, reserved 1114112K
  class space    used 2157K, committed 2304K, reserved 1048576K
}
Event: 1.490 GC heap after
{Heap after GC invocations=4 (full 0):
 PSYoungGen      total 29696K, used 4081K [0x00000000eab00000, 0x00000000ecc00000, 0x0000000100000000)
  eden space 25600K, 0% used [0x00000000eab00000,0x00000000eab00000,0x00000000ec400000)
  from space 4096K, 99% used [0x00000000ec800000,0x00000000ecbfc7d8,0x00000000ecc00000)
  to   space 4096K, 0% used [0x00000000ec400000,0x00000000ec400000,0x00000000ec800000)
 ParOldGen       total 68608K, used 3015K [0x00000000c0000000, 0x00000000c4300000, 0x00000000eab00000)
  object space 68608K, 4% used [0x00000000c0000000,0x00000000c02f1d10,0x00000000c4300000)
 Metaspace       used 21147K, committed 21504K, reserved 1114112K
  class space    used 2157K, committed 2304K, reserved 1048576K
}
Event: 1.491 GC heap before
{Heap before GC invocations=5 (full 1):
 PSYoungGen      total 29696K, used 4081K [0x00000000eab00000, 0x00000000ecc00000, 0x0000000100000000)
  eden space 25600K, 0% used [0x00000000eab00000,0x00000000eab00000,0x00000000ec400000)
  from space 4096K, 99% used [0x00000000ec800000,0x00000000ecbfc7d8,0x00000000ecc00000)
  to   space 4096K, 0% used [0x00000000ec400000,0x00000000ec400000,0x00000000ec800000)
 ParOldGen       total 68608K, used 3015K [0x00000000c0000000, 0x00000000c4300000, 0x00000000eab00000)
  object space 68608K, 4% used [0x00000000c0000000,0x00000000c02f1d10,0x00000000c4300000)
 Metaspace       used 21147K, committed 21504K, reserved 1114112K
  class space    used 2157K, committed 2304K, reserved 1048576K
}
Event: 1.508 GC heap after
{Heap after GC invocations=5 (full 1):
 PSYoungGen      total 29696K, used 0K [0x00000000eab00000, 0x00000000ecc00000, 0x0000000100000000)
  eden space 25600K, 0% used [0x00000000eab00000,0x00000000eab00000,0x00000000ec400000)
  from space 4096K, 0% used [0x00000000ec800000,0x00000000ec800000,0x00000000ecc00000)
  to   space 4096K, 0% used [0x00000000ec400000,0x00000000ec400000,0x00000000ec800000)
 ParOldGen       total 68608K, used 6934K [0x00000000c0000000, 0x00000000c4300000, 0x00000000eab00000)
  object space 68608K, 10% used [0x00000000c0000000,0x00000000c06c5b58,0x00000000c4300000)
 Metaspace       used 21134K, committed 21504K, reserved 1114112K
  class space    used 2153K, committed 2304K, reserved 1048576K
}
Event: 1.709 GC heap before
{Heap before GC invocations=6 (full 1):
 PSYoungGen      total 29696K, used 25600K [0x00000000eab00000, 0x00000000ecc00000, 0x0000000100000000)
  eden space 25600K, 100% used [0x00000000eab00000,0x00000000ec400000,0x00000000ec400000)
  from space 4096K, 0% used [0x00000000ec800000,0x00000000ec800000,0x00000000ecc00000)
  to   space 4096K, 0% used [0x00000000ec400000,0x00000000ec400000,0x00000000ec800000)
 ParOldGen       total 68608K, used 6934K [0x00000000c0000000, 0x00000000c4300000, 0x00000000eab00000)
  object space 68608K, 10% used [0x00000000c0000000,0x00000000c06c5b58,0x00000000c4300000)
 Metaspace       used 24564K, committed 24960K, reserved 1114112K
  class space    used 2401K, committed 2560K, reserved 1048576K
}
Event: 1.709 GC heap after
{Heap after GC invocations=6 (full 1):
 PSYoungGen      total 26112K, used 742K [0x00000000eab00000, 0x00000000ec880000, 0x0000000100000000)
  eden space 25088K, 0% used [0x00000000eab00000,0x00000000eab00000,0x00000000ec380000)
  from space 1024K, 72% used [0x00000000ec400000,0x00000000ec4b9bf0,0x00000000ec500000)
  to   space 2560K, 0% used [0x00000000ec600000,0x00000000ec600000,0x00000000ec880000)
 ParOldGen       total 68608K, used 6942K [0x00000000c0000000, 0x00000000c4300000, 0x00000000eab00000)
  object space 68608K, 10% used [0x00000000c0000000,0x00000000c06c7b58,0x00000000c4300000)
 Metaspace       used 24564K, committed 24960K, reserved 1114112K
  class space    used 2401K, committed 2560K, reserved 1048576K
}

Dll operation events (9 events):
Event: 0.006 Loaded shared library c:\Users\ozena\.vscode\extensions\redhat.java-1.18.0-win32-x64\jre\17.0.7-win32-x86_64\bin\java.dll
Event: 0.107 Loaded shared library c:\Users\ozena\.vscode\extensions\redhat.java-1.18.0-win32-x64\jre\17.0.7-win32-x86_64\bin\zip.dll
Event: 0.109 Loaded shared library C:\Users\ozena\.vscode\extensions\redhat.java-1.18.0-win32-x64\jre\17.0.7-win32-x86_64\bin\instrument.dll
Event: 0.117 Loaded shared library C:\Users\ozena\.vscode\extensions\redhat.java-1.18.0-win32-x64\jre\17.0.7-win32-x86_64\bin\net.dll
Event: 0.119 Loaded shared library C:\Users\ozena\.vscode\extensions\redhat.java-1.18.0-win32-x64\jre\17.0.7-win32-x86_64\bin\nio.dll
Event: 0.124 Loaded shared library C:\Users\ozena\.vscode\extensions\redhat.java-1.18.0-win32-x64\jre\17.0.7-win32-x86_64\bin\zip.dll
Event: 0.134 Loaded shared library C:\Users\ozena\.vscode\extensions\redhat.java-1.18.0-win32-x64\jre\17.0.7-win32-x86_64\bin\jimage.dll
Event: 0.164 Loaded shared library c:\Users\ozena\.vscode\extensions\redhat.java-1.18.0-win32-x64\jre\17.0.7-win32-x86_64\bin\verify.dll
Event: 0.805 Loaded shared library C:\Users\ozena\AppData\Roaming\Code\User\globalStorage\redhat.java\1.18.0\config_ss_win\org.eclipse.equinox.launcher\org.eclipse.equinox.launcher.win32.win32.x86_64_1.2.700.v20221108-1024\eclipse_11801.dll

Deoptimization events (20 events):
Event: 1.130 Thread 0x000001a77433bcc0 Uncommon trap: trap_request=0xffffff45 fr.pc=0x000001a763c968f4 relative=0x0000000000000354
Event: 1.130 Thread 0x000001a77433bcc0 Uncommon trap: reason=unstable_if action=reinterpret pc=0x000001a763c968f4 method=java.lang.StringLatin1.canEncode(I)Z @ 4 c2
Event: 1.130 Thread 0x000001a77433bcc0 DEOPT PACKING pc=0x000001a763c968f4 sp=0x00000037ae0f87e0
Event: 1.130 Thread 0x000001a77433bcc0 DEOPT UNPACKING pc=0x000001a7637366a3 sp=0x00000037ae0f8708 mode 2
Event: 1.130 Thread 0x000001a77433bcc0 Uncommon trap: trap_request=0xffffff45 fr.pc=0x000001a763cc1dac relative=0x000000000000030c
Event: 1.130 Thread 0x000001a77433bcc0 Uncommon trap: reason=unstable_if action=reinterpret pc=0x000001a763cc1dac method=java.lang.AbstractStringBuilder.append(C)Ljava/lang/AbstractStringBuilder; @ 14 c2
Event: 1.130 Thread 0x000001a77433bcc0 DEOPT PACKING pc=0x000001a763cc1dac sp=0x00000037ae0f87f0
Event: 1.130 Thread 0x000001a77433bcc0 DEOPT UNPACKING pc=0x000001a7637366a3 sp=0x00000037ae0f87e0 mode 2
Event: 1.136 Thread 0x000001a77433bcc0 Uncommon trap: trap_request=0xffffff45 fr.pc=0x000001a763ca62c8 relative=0x0000000000000048
Event: 1.136 Thread 0x000001a77433bcc0 Uncommon trap: reason=unstable_if action=reinterpret pc=0x000001a763ca62c8 method=java.lang.CharacterData.of(I)Ljava/lang/CharacterData; @ 4 c2
Event: 1.136 Thread 0x000001a77433bcc0 DEOPT PACKING pc=0x000001a763ca62c8 sp=0x00000037ae0f7fb0
Event: 1.136 Thread 0x000001a77433bcc0 DEOPT UNPACKING pc=0x000001a7637366a3 sp=0x00000037ae0f7f48 mode 2
Event: 1.211 Thread 0x000001a77433bcc0 Uncommon trap: trap_request=0xffffff45 fr.pc=0x000001a763cb3838 relative=0x0000000000000b98
Event: 1.211 Thread 0x000001a77433bcc0 Uncommon trap: reason=unstable_if action=reinterpret pc=0x000001a763cb3838 method=lombok.patcher.PatchScript.classMatches(Ljava/lang/String;Ljava/util/Collection;)Z @ 25 c2
Event: 1.211 Thread 0x000001a77433bcc0 DEOPT PACKING pc=0x000001a763cb3838 sp=0x00000037ae0f6b30
Event: 1.211 Thread 0x000001a77433bcc0 DEOPT UNPACKING pc=0x000001a7637366a3 sp=0x00000037ae0f6af0 mode 2
Event: 1.411 Thread 0x000001a77433bcc0 Uncommon trap: trap_request=0xffffff45 fr.pc=0x000001a763d05ec0 relative=0x0000000000000040
Event: 1.411 Thread 0x000001a77433bcc0 Uncommon trap: reason=unstable_if action=reinterpret pc=0x000001a763d05ec0 method=sun.nio.fs.WindowsPathParser.isSlash(C)Z @ 9 c2
Event: 1.411 Thread 0x000001a77433bcc0 DEOPT PACKING pc=0x000001a763d05ec0 sp=0x00000037ae0f8f90
Event: 1.411 Thread 0x000001a77433bcc0 DEOPT UNPACKING pc=0x000001a7637366a3 sp=0x00000037ae0f8f18 mode 2

Classes unloaded (7 events):
Event: 1.492 Thread 0x000001a7726d1fd0 Unloading class 0x0000000100212400 'java/lang/invoke/LambdaForm$MH+0x0000000100212400'
Event: 1.492 Thread 0x000001a7726d1fd0 Unloading class 0x0000000100212000 'java/lang/invoke/LambdaForm$MH+0x0000000100212000'
Event: 1.492 Thread 0x000001a7726d1fd0 Unloading class 0x0000000100211c00 'java/lang/invoke/LambdaForm$MH+0x0000000100211c00'
Event: 1.492 Thread 0x000001a7726d1fd0 Unloading class 0x0000000100211400 'java/lang/invoke/LambdaForm$MH+0x0000000100211400'
Event: 1.492 Thread 0x000001a7726d1fd0 Unloading class 0x0000000100211000 'java/lang/invoke/LambdaForm$BMH+0x0000000100211000'
Event: 1.492 Thread 0x000001a7726d1fd0 Unloading class 0x0000000100210c00 'java/lang/invoke/LambdaForm$DMH+0x0000000100210c00'
Event: 1.492 Thread 0x000001a7726d1fd0 Unloading class 0x000000010020e000 'java/lang/invoke/LambdaForm$DMH+0x000000010020e000'

Classes redefined (0 events):
No events

Internal exceptions (20 events):
Event: 1.224 Thread 0x000001a77433bcc0 Exception <a 'java/lang/NoSuchMethodError'{0x00000000ebe5d560}: 'void java.lang.invoke.DelegatingMethodHandle$Holder.delegate(java.lang.Object, java.lang.Object, int, java.lang.Object)'> (0x00000000ebe5d560) 
thrown [s\src\hotspot\share\interpreter\linkResolver.cpp, line 759]
Event: 1.225 Thread 0x000001a77433bcc0 Exception <a 'java/lang/NoSuchMethodError'{0x00000000ebe61948}: 'int java.lang.invoke.DirectMethodHandle$Holder.invokeSpecial(java.lang.Object, java.lang.Object, java.lang.Object)'> (0x00000000ebe61948) 
thrown [s\src\hotspot\share\interpreter\linkResolver.cpp, line 759]
Event: 1.229 Thread 0x000001a77433bcc0 Exception <a 'java/lang/NoSuchMethodError'{0x00000000ebe737f0}: 'int java.lang.invoke.DirectMethodHandle$Holder.invokeStatic(java.lang.Object, java.lang.Object, int)'> (0x00000000ebe737f0) 
thrown [s\src\hotspot\share\interpreter\linkResolver.cpp, line 759]
Event: 1.230 Thread 0x000001a77433bcc0 Exception <a 'java/lang/NoSuchMethodError'{0x00000000ebe77be8}: 'int java.lang.invoke.DirectMethodHandle$Holder.invokeSpecial(java.lang.Object, java.lang.Object, java.lang.Object, int)'> (0x00000000ebe77be8) 
thrown [s\src\hotspot\share\interpreter\linkResolver.cpp, line 759]
Event: 1.234 Thread 0x000001a77433bcc0 Exception <a 'java/lang/NoSuchMethodError'{0x00000000ebe937b8}: 'java.lang.Object java.lang.invoke.DirectMethodHandle$Holder.invokeStatic(java.lang.Object, java.lang.Object, java.lang.Object, java.lang.Object, int)'> (0x00000000ebe937b8) 
thrown [s\src\hotspot\share\interpreter\linkResolver.cpp, line 759]
Event: 1.238 Thread 0x000001a77433bcc0 Exception <a 'java/lang/NoSuchMethodError'{0x00000000ebe9fa00}: 'java.lang.Object java.lang.invoke.DelegatingMethodHandle$Holder.reinvoke_L(java.lang.Object, java.lang.Object, java.lang.Object, java.lang.Object, int, int)'> (0x00000000ebe9fa00) 
thrown [s\src\hotspot\share\interpreter\linkResolver.cpp, line 759]
Event: 1.243 Thread 0x000001a77433bcc0 Exception <a 'java/lang/NoSuchMethodError'{0x00000000ebeb77c0}: 'java.lang.Object java.lang.invoke.Invokers$Holder.invokeExact_MT(java.lang.Object, java.lang.Object, java.lang.Object, java.lang.Object)'> (0x00000000ebeb77c0) 
thrown [s\src\hotspot\share\interpreter\linkResolver.cpp, line 759]
Event: 1.373 Thread 0x000001a77433bcc0 Exception <a 'java/lang/NoSuchMethodError'{0x00000000ec2f3520}: 'java.lang.Object java.lang.invoke.DirectMethodHandle$Holder.newInvokeSpecial(java.lang.Object, java.lang.Object, java.lang.Object, java.lang.Object, java.lang.Object)'> (0x00000000ec2f3520) 
thrown [s\src\hotspot\share\interpreter\linkResolver.cpp, line 759]
Event: 1.455 Thread 0x000001a77433bcc0 Exception <a 'java/lang/NoSuchMethodError'{0x00000000ead7dc60}: 'java.lang.Object java.lang.invoke.DirectMethodHandle$Holder.invokeSpecial(java.lang.Object, java.lang.Object, java.lang.Object, long, java.lang.Object)'> (0x00000000ead7dc60) 
thrown [s\src\hotspot\share\interpreter\linkResolver.cpp, line 759]
Event: 1.457 Thread 0x000001a77433bcc0 Exception <a 'java/lang/NoSuchMethodError'{0x00000000ead85e18}: 'java.lang.Object java.lang.invoke.DirectMethodHandle$Holder.newInvokeSpecial(java.lang.Object, java.lang.Object, java.lang.Object, long)'> (0x00000000ead85e18) 
thrown [s\src\hotspot\share\interpreter\linkResolver.cpp, line 759]
Event: 1.458 Thread 0x000001a77433bcc0 Exception <a 'java/lang/NoSuchMethodError'{0x00000000ead8a3b8}: 'java.lang.Object java.lang.invoke.DirectMethodHandle$Holder.invokeSpecial(java.lang.Object, java.lang.Object, java.lang.Object, java.lang.Object, long)'> (0x00000000ead8a3b8) 
thrown [s\src\hotspot\share\interpreter\linkResolver.cpp, line 759]
Event: 1.468 Thread 0x000001a77433bcc0 Exception <a 'java/lang/NoSuchMethodError'{0x00000000eadfc9f8}: 'int java.lang.invoke.DirectMethodHandle$Holder.invokeStaticInit(java.lang.Object, java.lang.Object, java.lang.Object)'> (0x00000000eadfc9f8) 
thrown [s\src\hotspot\share\interpreter\linkResolver.cpp, line 759]
Event: 1.475 Thread 0x000001a77433bcc0 Exception <a 'java/lang/IncompatibleClassChangeError'{0x00000000eae64448}: Found class java.lang.Object, but interface was expected> (0x00000000eae64448) 
thrown [s\src\hotspot\share\interpreter\linkResolver.cpp, line 826]
Event: 1.480 Thread 0x000001a77433bcc0 Exception <a 'java/lang/NoSuchMethodError'{0x00000000eae76ab8}: 'java.lang.Object java.lang.invoke.DirectMethodHandle$Holder.invokeSpecial(java.lang.Object, java.lang.Object, java.lang.Object, int, java.lang.Object, java.lang.Object)'> (0x00000000eae76ab8) 
thrown [s\src\hotspot\share\interpreter\linkResolver.cpp, line 759]
Event: 1.481 Thread 0x000001a77433bcc0 Exception <a 'java/lang/NoSuchMethodError'{0x00000000eae7f490}: 'java.lang.Object java.lang.invoke.DirectMethodHandle$Holder.newInvokeSpecial(java.lang.Object, java.lang.Object, java.lang.Object, int, java.lang.Object)'> (0x00000000eae7f490) 
thrown [s\src\hotspot\share\interpreter\linkResolver.cpp, line 759]
Event: 1.481 Thread 0x000001a77433bcc0 Exception <a 'java/lang/NoSuchMethodError'{0x00000000eae838e8}: 'java.lang.Object java.lang.invoke.DirectMethodHandle$Holder.invokeSpecial(java.lang.Object, java.lang.Object, java.lang.Object, java.lang.Object, int, java.lang.Object)'> (0x00000000eae838e8) 
thrown [s\src\hotspot\share\interpreter\linkResolver.cpp, line 759]
Event: 1.482 Thread 0x000001a774aaf7f0 Exception <a 'java/lang/NoSuchMethodError'{0x00000000eadc0088}: 'java.lang.Object java.lang.invoke.DirectMethodHandle$Holder.invokeSpecial(java.lang.Object, java.lang.Object, int, java.lang.Object, java.lang.Object)'> (0x00000000eadc0088) 
thrown [s\src\hotspot\share\interpreter\linkResolver.cpp, line 759]
Event: 1.483 Thread 0x000001a774aaf7f0 Exception <a 'java/lang/NoSuchMethodError'{0x00000000eadc7758}: 'java.lang.Object java.lang.invoke.DirectMethodHandle$Holder.newInvokeSpecial(java.lang.Object, java.lang.Object, int, java.lang.Object)'> (0x00000000eadc7758) 
thrown [s\src\hotspot\share\interpreter\linkResolver.cpp, line 759]
Event: 1.483 Thread 0x000001a774aaf7f0 Exception <a 'java/lang/NoSuchMethodError'{0x00000000eadcb268}: 'java.lang.Object java.lang.invoke.DirectMethodHandle$Holder.invokeSpecial(java.lang.Object, java.lang.Object, java.lang.Object, int, java.lang.Object)'> (0x00000000eadcb268) 
thrown [s\src\hotspot\share\interpreter\linkResolver.cpp, line 759]
Event: 1.525 Thread 0x000001a774aaf7f0 Exception <a 'java/io/FileNotFoundException'{0x00000000eac25368}> (0x00000000eac25368) 
thrown [s\src\hotspot\share\prims\jni.cpp, line 516]

VM Operations (20 events):
Event: 0.855 Executing VM operation: HandshakeAllThreads
Event: 0.855 Executing VM operation: HandshakeAllThreads done
Event: 0.903 Executing VM operation: ParallelGCFailedAllocation
Event: 0.908 Executing VM operation: ParallelGCFailedAllocation done
Event: 1.092 Executing VM operation: HandshakeAllThreads
Event: 1.092 Executing VM operation: HandshakeAllThreads done
Event: 1.137 Executing VM operation: HandshakeAllThreads
Event: 1.137 Executing VM operation: HandshakeAllThreads done
Event: 1.140 Executing VM operation: HandshakeAllThreads
Event: 1.140 Executing VM operation: HandshakeAllThreads done
Event: 1.222 Executing VM operation: HandshakeAllThreads
Event: 1.222 Executing VM operation: HandshakeAllThreads done
Event: 1.391 Executing VM operation: ParallelGCFailedAllocation
Event: 1.395 Executing VM operation: ParallelGCFailedAllocation done
Event: 1.488 Executing VM operation: CollectForMetadataAllocation
Event: 1.508 Executing VM operation: CollectForMetadataAllocation done
Event: 1.517 Executing VM operation: HandshakeAllThreads
Event: 1.518 Executing VM operation: HandshakeAllThreads done
Event: 1.709 Executing VM operation: ParallelGCFailedAllocation
Event: 1.709 Executing VM operation: ParallelGCFailedAllocation done

Events (20 events):
Event: 1.559 loading class java/util/zip/DeflaterOutputStream done
Event: 1.559 loading class java/util/zip/GZIPOutputStream done
Event: 1.577 loading class java/io/StringReader
Event: 1.577 loading class java/io/StringReader done
Event: 1.579 loading class java/util/zip/GZIPInputStream
Event: 1.580 loading class java/util/zip/GZIPInputStream done
Event: 1.583 loading class java/net/SocketTimeoutException
Event: 1.583 loading class java/io/InterruptedIOException
Event: 1.583 loading class java/io/InterruptedIOException done
Event: 1.583 loading class java/net/SocketTimeoutException done
Event: 1.583 loading class java/net/SocketException
Event: 1.583 loading class java/net/SocketException done
Event: 1.583 loading class java/net/UnknownHostException
Event: 1.583 loading class java/net/UnknownHostException done
Event: 1.583 loading class java/net/ProtocolException
Event: 1.583 loading class java/net/ProtocolException done
Event: 1.603 loading class java/lang/NegativeArraySizeException
Event: 1.603 loading class java/lang/NegativeArraySizeException done
Event: 1.603 loading class java/io/FileWriter
Event: 1.603 loading class java/io/FileWriter done


Dynamic libraries:
0x00007ff7b28d0000 - 0x00007ff7b28de000 	c:\Users\ozena\.vscode\extensions\redhat.java-1.18.0-win32-x64\jre\17.0.7-win32-x86_64\bin\java.exe
0x00007ffbbe390000 - 0x00007ffbbe588000 	C:\WINDOWS\SYSTEM32\ntdll.dll
0x00007ffbbc3f0000 - 0x00007ffbbc4af000 	C:\WINDOWS\System32\KERNEL32.DLL
0x00007ffbbbb70000 - 0x00007ffbbbe66000 	C:\WINDOWS\System32\KERNELBASE.dll
0x00007ffbbba70000 - 0x00007ffbbbb70000 	C:\WINDOWS\System32\ucrtbase.dll
0x00007ffbb5280000 - 0x00007ffbb5297000 	c:\Users\ozena\.vscode\extensions\redhat.java-1.18.0-win32-x64\jre\17.0.7-win32-x86_64\bin\jli.dll
0x00007ffbb6170000 - 0x00007ffbb6189000 	c:\Users\ozena\.vscode\extensions\redhat.java-1.18.0-win32-x64\jre\17.0.7-win32-x86_64\bin\VCRUNTIME140.dll
0x00007ffbbc4b0000 - 0x00007ffbbc64d000 	C:\WINDOWS\System32\USER32.dll
0x00007ffbbc070000 - 0x00007ffbbc092000 	C:\WINDOWS\System32\win32u.dll
0x00007ffbbaf60000 - 0x00007ffbbb1fa000 	C:\WINDOWS\WinSxS\amd64_microsoft.windows.common-controls_6595b64144ccf1df_6.0.19041.1110_none_60b5254171f9507e\COMCTL32.dll
0x00007ffbbd020000 - 0x00007ffbbd04c000 	C:\WINDOWS\System32\GDI32.dll
0x00007ffbbd9e0000 - 0x00007ffbbda7e000 	C:\WINDOWS\System32\msvcrt.dll
0x00007ffbbc2d0000 - 0x00007ffbbc3e5000 	C:\WINDOWS\System32\gdi32full.dll
0x00007ffbbc0a0000 - 0x00007ffbbc13d000 	C:\WINDOWS\System32\msvcp_win.dll
0x00007ffbbc720000 - 0x00007ffbbc750000 	C:\WINDOWS\System32\IMM32.DLL
0x00007ffbb7a80000 - 0x00007ffbb7a8c000 	c:\Users\ozena\.vscode\extensions\redhat.java-1.18.0-win32-x64\jre\17.0.7-win32-x86_64\bin\vcruntime140_1.dll
0x00007ffb8ba30000 - 0x00007ffb8bac1000 	c:\Users\ozena\.vscode\extensions\redhat.java-1.18.0-win32-x64\jre\17.0.7-win32-x86_64\bin\msvcp140.dll
0x00007ffb76eb0000 - 0x00007ffb77af8000 	c:\Users\ozena\.vscode\extensions\redhat.java-1.18.0-win32-x64\jre\17.0.7-win32-x86_64\bin\server\jvm.dll
0x00007ffbbda80000 - 0x00007ffbbdb2f000 	C:\WINDOWS\System32\ADVAPI32.dll
0x00007ffbbd520000 - 0x00007ffbbd5bc000 	C:\WINDOWS\System32\sechost.dll
0x00007ffbbd050000 - 0x00007ffbbd176000 	C:\WINDOWS\System32\RPCRT4.dll
0x00007ffba31b0000 - 0x00007ffba31b9000 	C:\WINDOWS\SYSTEM32\WSOCK32.dll
0x00007ffbb94c0000 - 0x00007ffbb94ca000 	C:\WINDOWS\SYSTEM32\VERSION.dll
0x00007ffbb1a50000 - 0x00007ffbb1a77000 	C:\WINDOWS\SYSTEM32\WINMM.dll
0x00007ffbbe140000 - 0x00007ffbbe1ab000 	C:\WINDOWS\System32\WS2_32.dll
0x00007ffbb94a0000 - 0x00007ffbb94b2000 	C:\WINDOWS\SYSTEM32\kernel.appcore.dll
0x00007ffbb7170000 - 0x00007ffbb717a000 	c:\Users\ozena\.vscode\extensions\redhat.java-1.18.0-win32-x64\jre\17.0.7-win32-x86_64\bin\jimage.dll
0x00007ffbbb4a0000 - 0x00007ffbbb684000 	C:\WINDOWS\SYSTEM32\DBGHELP.DLL
0x00007ffbbb3e0000 - 0x00007ffbbb414000 	C:\WINDOWS\SYSTEM32\dbgcore.DLL
0x00007ffbbc190000 - 0x00007ffbbc212000 	C:\WINDOWS\System32\bcryptPrimitives.dll
0x00007ffbb62f0000 - 0x00007ffbb62fe000 	c:\Users\ozena\.vscode\extensions\redhat.java-1.18.0-win32-x64\jre\17.0.7-win32-x86_64\bin\instrument.dll
0x00007ffb9e190000 - 0x00007ffb9e1b5000 	c:\Users\ozena\.vscode\extensions\redhat.java-1.18.0-win32-x64\jre\17.0.7-win32-x86_64\bin\java.dll
0x00007ffbb4b90000 - 0x00007ffbb4ba8000 	c:\Users\ozena\.vscode\extensions\redhat.java-1.18.0-win32-x64\jre\17.0.7-win32-x86_64\bin\zip.dll
0x00007ffbbc8d0000 - 0x00007ffbbd014000 	C:\WINDOWS\System32\SHELL32.dll
0x00007ffbb8ce0000 - 0x00007ffbb9473000 	C:\WINDOWS\SYSTEM32\windows.storage.dll
0x00007ffbbd5c0000 - 0x00007ffbbd914000 	C:\WINDOWS\System32\combase.dll
0x00007ffbbac90000 - 0x00007ffbbacbe000 	C:\WINDOWS\SYSTEM32\Wldp.dll
0x00007ffbbc750000 - 0x00007ffbbc7fd000 	C:\WINDOWS\System32\SHCORE.dll
0x00007ffbbe1b0000 - 0x00007ffbbe205000 	C:\WINDOWS\System32\shlwapi.dll
0x00007ffbbb9b0000 - 0x00007ffbbb9cf000 	C:\WINDOWS\SYSTEM32\profapi.dll
0x00007ffbb3e90000 - 0x00007ffbb3ea9000 	C:\Users\ozena\.vscode\extensions\redhat.java-1.18.0-win32-x64\jre\17.0.7-win32-x86_64\bin\net.dll
0x00007ffbaf760000 - 0x00007ffbaf86a000 	C:\WINDOWS\SYSTEM32\WINHTTP.dll
0x00007ffbbab00000 - 0x00007ffbbab6a000 	C:\WINDOWS\system32\mswsock.dll
0x00007ffbb3e50000 - 0x00007ffbb3e65000 	C:\Users\ozena\.vscode\extensions\redhat.java-1.18.0-win32-x64\jre\17.0.7-win32-x86_64\bin\nio.dll
0x00007ffbb62b0000 - 0x00007ffbb62c0000 	c:\Users\ozena\.vscode\extensions\redhat.java-1.18.0-win32-x64\jre\17.0.7-win32-x86_64\bin\verify.dll
0x00007ffb8b590000 - 0x00007ffb8b5ce000 	C:\Users\ozena\AppData\Roaming\Code\User\globalStorage\redhat.java\1.18.0\config_ss_win\org.eclipse.equinox.launcher\org.eclipse.equinox.launcher.win32.win32.x86_64_1.2.700.v20221108-1024\eclipse_11801.dll
0x00007ffbbd3e0000 - 0x00007ffbbd50a000 	C:\WINDOWS\System32\ole32.dll

dbghelp: loaded successfully - version: 4.0.5 - missing functions: none
symbol engine: initialized successfully - sym options: 0x614 - pdb path: .;c:\Users\ozena\.vscode\extensions\redhat.java-1.18.0-win32-x64\jre\17.0.7-win32-x86_64\bin;C:\WINDOWS\SYSTEM32;C:\WINDOWS\WinSxS\amd64_microsoft.windows.common-controls_6595b64144ccf1df_6.0.19041.1110_none_60b5254171f9507e;c:\Users\ozena\.vscode\extensions\redhat.java-1.18.0-win32-x64\jre\17.0.7-win32-x86_64\bin\server;C:\Users\ozena\AppData\Roaming\Code\User\globalStorage\redhat.java\1.18.0\config_ss_win\org.eclipse.equinox.launcher\org.eclipse.equinox.launcher.win32.win32.x86_64_1.2.700.v20221108-1024

VM Arguments:
jvm_args: --add-modules=ALL-SYSTEM --add-opens=java.base/java.util=ALL-UNNAMED --add-opens=java.base/java.lang=ALL-UNNAMED --add-opens=java.base/sun.nio.fs=ALL-UNNAMED -Declipse.application=org.eclipse.jdt.ls.core.id1 -Dosgi.bundles.defaultStartLevel=4 -Declipse.product=org.eclipse.jdt.ls.core.product -Djava.import.generatesMetadataFilesAtProjectRoot=false -Dfile.encoding=utf8 -XX:+UseParallelGC -XX:GCTimeRatio=4 -XX:AdaptiveSizePolicyWeight=90 -Dsun.zip.disableMemoryMapping=true -Xmx1G -Xms100m -Xlog:disable -javaagent:c:\Users\ozena\.vscode\extensions\redhat.java-1.18.0-win32-x64\lombok\lombok-1.18.27.jar 
java_command: c:\Users\ozena\.vscode\extensions\redhat.java-1.18.0-win32-x64\server\plugins\org.eclipse.equinox.launcher_1.6.400.v20210924-0641.jar -configuration c:\Users\ozena\AppData\Roaming\Code\User\globalStorage\redhat.java\1.18.0\config_ss_win -data c:\Users\ozena\AppData\Roaming\Code\User\workspaceStorage\f57675392b575e347e17749111ffbb61\redhat.java\ss_ws
java_class_path (initial): c:\Users\ozena\.vscode\extensions\redhat.java-1.18.0-win32-x64\server\plugins\org.eclipse.equinox.launcher_1.6.400.v20210924-0641.jar
Launcher Type: SUN_STANDARD

[Global flags]
    uintx AdaptiveSizePolicyWeight                 = 90                                        {product} {command line}
     intx CICompilerCount                          = 4                                         {product} {ergonomic}
    uintx GCTimeRatio                              = 4                                         {product} {command line}
   size_t InitialHeapSize                          = 104857600                                 {product} {command line}
   size_t MaxHeapSize                              = 1073741824                                {product} {command line}
   size_t MaxNewSize                               = 357564416                                 {product} {ergonomic}
   size_t MinHeapDeltaBytes                        = 524288                                    {product} {ergonomic}
   size_t MinHeapSize                              = 104857600                                 {product} {command line}
   size_t NewSize                                  = 34603008                                  {product} {ergonomic}
    uintx NonNMethodCodeHeapSize                   = 5839372                                {pd product} {ergonomic}
    uintx NonProfiledCodeHeapSize                  = 122909434                              {pd product} {ergonomic}
   size_t OldSize                                  = 70254592                                  {product} {ergonomic}
    uintx ProfiledCodeHeapSize                     = 122909434                              {pd product} {ergonomic}
    uintx ReservedCodeCacheSize                    = 251658240                              {pd product} {ergonomic}
     bool SegmentedCodeCache                       = true                                      {product} {ergonomic}
   size_t SoftMaxHeapSize                          = 1073741824                             {manageable} {ergonomic}
     bool UseCompressedClassPointers               = true                           {product lp64_product} {ergonomic}
     bool UseCompressedOops                        = true                           {product lp64_product} {ergonomic}
     bool UseLargePagesIndividualAllocation        = false                                  {pd product} {ergonomic}
     bool UseParallelGC                            = true                                      {product} {command line}

Logging:
Log output configuration:
 #0: stdout all=off uptime,level,tags
 #1: stderr all=off uptime,level,tags

Environment Variables:
JAVA_HOME=D:\Java
PATH=C:\Program Files\Common Files\Oracle\Java\javapath;C:\Python311\Scripts\;C:\Python311\;C:\WINDOWS\system32;C:\WINDOWS;C:\WINDOWS\System32\Wbem;C:\WINDOWS\System32\WindowsPowerShell\v1.0\;C:\WINDOWS\System32\OpenSSH\;C:\Program Files\NVIDIA Corporation\NVIDIA NvDLISR;C:\Program Files (x86)\NVIDIA Corporation\PhysX\Common;C:\Program Files\dotnet\;D:\Node.js\;C:\ProgramData\chocolatey\bin;D:\Git\cmd;C:\Users\ozena\AppData\Local\Microsoft\WindowsApps;D:\Microsoft VS Code\bin;C:\Users\ozena\AppData\Roaming\npm;C:\Users\ozena\AppData\Local\GitHubDesktop\bin;C:\Users\ozena\OneDrive\Belgeler\GitHub\apache-maven-3.9.1\bin;
USERNAME=ozena
OS=Windows_NT
PROCESSOR_IDENTIFIER=AMD64 Family 25 Model 80 Stepping 0, AuthenticAMD
TMP=C:\Users\ozena\AppData\Local\Temp
TEMP=C:\Users\ozena\AppData\Local\Temp



---------------  S Y S T E M  ---------------

OS:
 Windows 10 , 64 bit Build 19041 (10.0.19041.2913)
OS uptime: 2 days 16:46 hours

CPU: total 12 (initial active 12) (12 cores per cpu, 2 threads per core) family 25 model 80 stepping 0 microcode 0x0, cx8, cmov, fxsr, ht, mmx, 3dnowpref, sse, sse2, sse3, ssse3, sse4a, sse4.1, sse4.2, popcnt, lzcnt, tsc, tscinvbit, avx, avx2, aes, erms, clmul, bmi1, bmi2, adx, sha, fma, vzeroupper, clflush, clflushopt

Memory: 4k page, system-wide physical 14188M (4226M free)
TotalPageFile size 44619M (AvailPageFile size 5M)
current process WorkingSet (physical memory assigned to process): 123M, peak: 123M
current process commit charge ("private bytes"): 238M, peak: 238M

vm_info: OpenJDK 64-Bit Server VM (17.0.7+7) for windows-amd64 JRE (17.0.7+7), built on Apr 18 2023 22:10:42 by "temurin" with MS VC++ 16.7 (VS2019)

END.
